[1/120] run=1/10 N=10000 P=512 HASH=mask PARTITION_TIME[s]=2.056e-05 THROUGHPUT[elems/s]=9.72763e+08
[2/120] run=1/10 N=10000 P=512 HASH=xorshift PARTITION_TIME[s]=2.428e-05 THROUGHPUT[elems/s]=8.23723e+08
[3/120] run=1/10 N=10000 P=512 HASH=fmix32fold PARTITION_TIME[s]=2.748e-05 THROUGHPUT[elems/s]=7.27802e+08
[4/120] run=1/10 N=100000 P=512 HASH=mask PARTITION_TIME[s]=0.00019149 THROUGHPUT[elems/s]=1.04444e+09
[5/120] run=1/10 N=100000 P=512 HASH=xorshift PARTITION_TIME[s]=0.00022571 THROUGHPUT[elems/s]=8.86093e+08
[6/120] run=1/10 N=100000 P=512 HASH=fmix32fold PARTITION_TIME[s]=0.00025184 THROUGHPUT[elems/s]=7.94155e+08
[7/120] run=1/10 N=1000000 P=512 HASH=mask PARTITION_TIME[s]=0.00169537 THROUGHPUT[elems/s]=1.17968e+09
[8/120] run=1/10 N=1000000 P=512 HASH=xorshift PARTITION_TIME[s]=0.00222955 THROUGHPUT[elems/s]=8.97042e+08
[9/120] run=1/10 N=1000000 P=512 HASH=fmix32fold PARTITION_TIME[s]=0.00251875 THROUGHPUT[elems/s]=7.94045e+08
[10/120] run=1/10 N=10000000 P=512 HASH=mask PARTITION_TIME[s]=0.0165771 THROUGHPUT[elems/s]=1.20649e+09
[11/120] run=1/10 N=10000000 P=512 HASH=xorshift PARTITION_TIME[s]=0.0223227 THROUGHPUT[elems/s]=8.95949e+08
[12/120] run=1/10 N=10000000 P=512 HASH=fmix32fold PARTITION_TIME[s]=0.0251198 THROUGHPUT[elems/s]=7.96184e+08
[13/120] run=2/10 N=10000 P=512 HASH=mask PARTITION_TIME[s]=1.81e-05 THROUGHPUT[elems/s]=1.10497e+09
[14/120] run=2/10 N=10000 P=512 HASH=xorshift PARTITION_TIME[s]=2.432e-05 THROUGHPUT[elems/s]=8.22368e+08
[15/120] run=2/10 N=10000 P=512 HASH=fmix32fold PARTITION_TIME[s]=2.621e-05 THROUGHPUT[elems/s]=7.63068e+08
[16/120] run=2/10 N=100000 P=512 HASH=mask PARTITION_TIME[s]=0.00017548 THROUGHPUT[elems/s]=1.13973e+09
[17/120] run=2/10 N=100000 P=512 HASH=xorshift PARTITION_TIME[s]=0.00022904 THROUGHPUT[elems/s]=8.7321e+08
[18/120] run=2/10 N=100000 P=512 HASH=fmix32fold PARTITION_TIME[s]=0.00025069 THROUGHPUT[elems/s]=7.97798e+08
[19/120] run=2/10 N=1000000 P=512 HASH=mask PARTITION_TIME[s]=0.00174587 THROUGHPUT[elems/s]=1.14556e+09
[20/120] run=2/10 N=1000000 P=512 HASH=xorshift PARTITION_TIME[s]=0.00228184 THROUGHPUT[elems/s]=8.76486e+08
[21/120] run=2/10 N=1000000 P=512 HASH=fmix32fold PARTITION_TIME[s]=0.00252255 THROUGHPUT[elems/s]=7.92849e+08
[22/120] run=2/10 N=10000000 P=512 HASH=mask PARTITION_TIME[s]=0.0165946 THROUGHPUT[elems/s]=1.20521e+09
[23/120] run=2/10 N=10000000 P=512 HASH=xorshift PARTITION_TIME[s]=0.0222687 THROUGHPUT[elems/s]=8.98123e+08
[24/120] run=2/10 N=10000000 P=512 HASH=fmix32fold PARTITION_TIME[s]=0.0251051 THROUGHPUT[elems/s]=7.9665e+08
[25/120] run=3/10 N=10000 P=512 HASH=mask PARTITION_TIME[s]=1.849e-05 THROUGHPUT[elems/s]=1.08167e+09
[26/120] run=3/10 N=10000 P=512 HASH=xorshift PARTITION_TIME[s]=2.363e-05 THROUGHPUT[elems/s]=8.46382e+08
[27/120] run=3/10 N=10000 P=512 HASH=fmix32fold PARTITION_TIME[s]=2.607e-05 THROUGHPUT[elems/s]=7.67165e+08
[28/120] run=3/10 N=100000 P=512 HASH=mask PARTITION_TIME[s]=0.00018344 THROUGHPUT[elems/s]=1.09027e+09
[29/120] run=3/10 N=100000 P=512 HASH=xorshift PARTITION_TIME[s]=0.00025189 THROUGHPUT[elems/s]=7.93997e+08
[30/120] run=3/10 N=100000 P=512 HASH=fmix32fold PARTITION_TIME[s]=0.0002521 THROUGHPUT[elems/s]=7.93336e+08
[31/120] run=3/10 N=1000000 P=512 HASH=mask PARTITION_TIME[s]=0.00168369 THROUGHPUT[elems/s]=1.18787e+09
[32/120] run=3/10 N=1000000 P=512 HASH=xorshift PARTITION_TIME[s]=0.00222257 THROUGHPUT[elems/s]=8.99859e+08
[33/120] run=3/10 N=1000000 P=512 HASH=fmix32fold PARTITION_TIME[s]=0.00249177 THROUGHPUT[elems/s]=8.02642e+08
[34/120] run=3/10 N=10000000 P=512 HASH=mask PARTITION_TIME[s]=0.016488 THROUGHPUT[elems/s]=1.213e+09
[35/120] run=3/10 N=10000000 P=512 HASH=xorshift PARTITION_TIME[s]=0.0221817 THROUGHPUT[elems/s]=9.01645e+08
[36/120] run=3/10 N=10000000 P=512 HASH=fmix32fold PARTITION_TIME[s]=0.0250721 THROUGHPUT[elems/s]=7.977e+08
[37/120] run=4/10 N=10000 P=512 HASH=mask PARTITION_TIME[s]=2.027e-05 THROUGHPUT[elems/s]=9.8668e+08
[38/120] run=4/10 N=10000 P=512 HASH=xorshift PARTITION_TIME[s]=2.261e-05 THROUGHPUT[elems/s]=8.84564e+08
[39/120] run=4/10 N=10000 P=512 HASH=fmix32fold PARTITION_TIME[s]=2.617e-05 THROUGHPUT[elems/s]=7.64234e+08
[40/120] run=4/10 N=100000 P=512 HASH=mask PARTITION_TIME[s]=0.00018071 THROUGHPUT[elems/s]=1.10675e+09
[41/120] run=4/10 N=100000 P=512 HASH=xorshift PARTITION_TIME[s]=0.0002271 THROUGHPUT[elems/s]=8.80669e+08
[42/120] run=4/10 N=100000 P=512 HASH=fmix32fold PARTITION_TIME[s]=0.00025044 THROUGHPUT[elems/s]=7.98594e+08
[43/120] run=4/10 N=1000000 P=512 HASH=mask PARTITION_TIME[s]=0.00170102 THROUGHPUT[elems/s]=1.17577e+09
[44/120] run=4/10 N=1000000 P=512 HASH=xorshift PARTITION_TIME[s]=0.00221567 THROUGHPUT[elems/s]=9.02661e+08
[45/120] run=4/10 N=1000000 P=512 HASH=fmix32fold PARTITION_TIME[s]=0.00252072 THROUGHPUT[elems/s]=7.93424e+08
[46/120] run=4/10 N=10000000 P=512 HASH=mask PARTITION_TIME[s]=0.0165677 THROUGHPUT[elems/s]=1.20717e+09
[47/120] run=4/10 N=10000000 P=512 HASH=xorshift PARTITION_TIME[s]=0.0222896 THROUGHPUT[elems/s]=8.97278e+08
[48/120] run=4/10 N=10000000 P=512 HASH=fmix32fold PARTITION_TIME[s]=0.02517 THROUGHPUT[elems/s]=7.94596e+08
[49/120] run=5/10 N=10000 P=512 HASH=mask PARTITION_TIME[s]=1.864e-05 THROUGHPUT[elems/s]=1.07296e+09
[50/120] run=5/10 N=10000 P=512 HASH=xorshift PARTITION_TIME[s]=2.642e-05 THROUGHPUT[elems/s]=7.57002e+08
[51/120] run=5/10 N=10000 P=512 HASH=fmix32fold PARTITION_TIME[s]=2.639e-05 THROUGHPUT[elems/s]=7.57863e+08
[52/120] run=5/10 N=100000 P=512 HASH=mask PARTITION_TIME[s]=0.00018399 THROUGHPUT[elems/s]=1.08702e+09
[53/120] run=5/10 N=100000 P=512 HASH=xorshift PARTITION_TIME[s]=0.00022627 THROUGHPUT[elems/s]=8.839e+08
[54/120] run=5/10 N=100000 P=512 HASH=fmix32fold PARTITION_TIME[s]=0.0002509 THROUGHPUT[elems/s]=7.9713e+08
[55/120] run=5/10 N=1000000 P=512 HASH=mask PARTITION_TIME[s]=0.00171041 THROUGHPUT[elems/s]=1.16931e+09
[56/120] run=5/10 N=1000000 P=512 HASH=xorshift PARTITION_TIME[s]=0.00221165 THROUGHPUT[elems/s]=9.04302e+08
[57/120] run=5/10 N=1000000 P=512 HASH=fmix32fold PARTITION_TIME[s]=0.00253319 THROUGHPUT[elems/s]=7.89518e+08
[58/120] run=5/10 N=10000000 P=512 HASH=mask PARTITION_TIME[s]=0.0165509 THROUGHPUT[elems/s]=1.2084e+09
[59/120] run=5/10 N=10000000 P=512 HASH=xorshift PARTITION_TIME[s]=0.0222433 THROUGHPUT[elems/s]=8.99147e+08
[60/120] run=5/10 N=10000000 P=512 HASH=fmix32fold PARTITION_TIME[s]=0.0251416 THROUGHPUT[elems/s]=7.95495e+08
[61/120] run=6/10 N=10000 P=512 HASH=mask PARTITION_TIME[s]=1.732e-05 THROUGHPUT[elems/s]=1.15473e+09
[62/120] run=6/10 N=10000 P=512 HASH=xorshift PARTITION_TIME[s]=2.299e-05 THROUGHPUT[elems/s]=8.69943e+08
[63/120] run=6/10 N=10000 P=512 HASH=fmix32fold PARTITION_TIME[s]=2.787e-05 THROUGHPUT[elems/s]=7.17618e+08
[64/120] run=6/10 N=100000 P=512 HASH=mask PARTITION_TIME[s]=0.00018657 THROUGHPUT[elems/s]=1.07198e+09
[65/120] run=6/10 N=100000 P=512 HASH=xorshift PARTITION_TIME[s]=0.00022827 THROUGHPUT[elems/s]=8.76155e+08
[66/120] run=6/10 N=100000 P=512 HASH=fmix32fold PARTITION_TIME[s]=0.00025313 THROUGHPUT[elems/s]=7.90108e+08
[67/120] run=6/10 N=1000000 P=512 HASH=mask PARTITION_TIME[s]=0.00173205 THROUGHPUT[elems/s]=1.1547e+09
[68/120] run=6/10 N=1000000 P=512 HASH=xorshift PARTITION_TIME[s]=0.00224621 THROUGHPUT[elems/s]=8.90389e+08
[69/120] run=6/10 N=1000000 P=512 HASH=fmix32fold PARTITION_TIME[s]=0.00249306 THROUGHPUT[elems/s]=8.02227e+08
[70/120] run=6/10 N=10000000 P=512 HASH=mask PARTITION_TIME[s]=0.0164664 THROUGHPUT[elems/s]=1.2146e+09
[71/120] run=6/10 N=10000000 P=512 HASH=xorshift PARTITION_TIME[s]=0.0222368 THROUGHPUT[elems/s]=8.99411e+08
[72/120] run=6/10 N=10000000 P=512 HASH=fmix32fold PARTITION_TIME[s]=0.0251005 THROUGHPUT[elems/s]=7.96798e+08
[73/120] run=7/10 N=10000 P=512 HASH=mask PARTITION_TIME[s]=1.872e-05 THROUGHPUT[elems/s]=1.06838e+09
[74/120] run=7/10 N=10000 P=512 HASH=xorshift PARTITION_TIME[s]=2.396e-05 THROUGHPUT[elems/s]=8.34725e+08
[75/120] run=7/10 N=10000 P=512 HASH=fmix32fold PARTITION_TIME[s]=2.628e-05 THROUGHPUT[elems/s]=7.61035e+08
[76/120] run=7/10 N=100000 P=512 HASH=mask PARTITION_TIME[s]=0.00018863 THROUGHPUT[elems/s]=1.06028e+09
[77/120] run=7/10 N=100000 P=512 HASH=xorshift PARTITION_TIME[s]=0.00022509 THROUGHPUT[elems/s]=8.88533e+08
[78/120] run=7/10 N=100000 P=512 HASH=fmix32fold PARTITION_TIME[s]=0.00025176 THROUGHPUT[elems/s]=7.94407e+08
[79/120] run=7/10 N=1000000 P=512 HASH=mask PARTITION_TIME[s]=0.00171586 THROUGHPUT[elems/s]=1.1656e+09
[80/120] run=7/10 N=1000000 P=512 HASH=xorshift PARTITION_TIME[s]=0.00223849 THROUGHPUT[elems/s]=8.93459e+08
[81/120] run=7/10 N=1000000 P=512 HASH=fmix32fold PARTITION_TIME[s]=0.00252983 THROUGHPUT[elems/s]=7.90567e+08
[82/120] run=7/10 N=10000000 P=512 HASH=mask PARTITION_TIME[s]=0.0166056 THROUGHPUT[elems/s]=1.20442e+09
[83/120] run=7/10 N=10000000 P=512 HASH=xorshift PARTITION_TIME[s]=0.022213 THROUGHPUT[elems/s]=9.00374e+08
[84/120] run=7/10 N=10000000 P=512 HASH=fmix32fold PARTITION_TIME[s]=0.0251314 THROUGHPUT[elems/s]=7.95817e+08
[85/120] run=8/10 N=10000 P=512 HASH=mask PARTITION_TIME[s]=1.901e-05 THROUGHPUT[elems/s]=1.05208e+09
[86/120] run=8/10 N=10000 P=512 HASH=xorshift PARTITION_TIME[s]=2.366e-05 THROUGHPUT[elems/s]=8.45309e+08
[87/120] run=8/10 N=10000 P=512 HASH=fmix32fold PARTITION_TIME[s]=2.638e-05 THROUGHPUT[elems/s]=7.5815e+08
[88/120] run=8/10 N=100000 P=512 HASH=mask PARTITION_TIME[s]=0.0001916 THROUGHPUT[elems/s]=1.04384e+09
[89/120] run=8/10 N=100000 P=512 HASH=xorshift PARTITION_TIME[s]=0.00022304 THROUGHPUT[elems/s]=8.967e+08
[90/120] run=8/10 N=100000 P=512 HASH=fmix32fold PARTITION_TIME[s]=0.0002522 THROUGHPUT[elems/s]=7.93021e+08
[91/120] run=8/10 N=1000000 P=512 HASH=mask PARTITION_TIME[s]=0.00168932 THROUGHPUT[elems/s]=1.18391e+09
[92/120] run=8/10 N=1000000 P=512 HASH=xorshift PARTITION_TIME[s]=0.00222282 THROUGHPUT[elems/s]=8.99758e+08
[93/120] run=8/10 N=1000000 P=512 HASH=fmix32fold PARTITION_TIME[s]=0.00249676 THROUGHPUT[elems/s]=8.01038e+08
[94/120] run=8/10 N=10000000 P=512 HASH=mask PARTITION_TIME[s]=0.0165606 THROUGHPUT[elems/s]=1.20768e+09
[95/120] run=8/10 N=10000000 P=512 HASH=xorshift PARTITION_TIME[s]=0.0222344 THROUGHPUT[elems/s]=8.99507e+08
[96/120] run=8/10 N=10000000 P=512 HASH=fmix32fold PARTITION_TIME[s]=0.0251269 THROUGHPUT[elems/s]=7.95961e+08
[97/120] run=9/10 N=10000 P=512 HASH=mask PARTITION_TIME[s]=1.733e-05 THROUGHPUT[elems/s]=1.15407e+09
[98/120] run=9/10 N=10000 P=512 HASH=xorshift PARTITION_TIME[s]=2.382e-05 THROUGHPUT[elems/s]=8.39631e+08
[99/120] run=9/10 N=10000 P=512 HASH=fmix32fold PARTITION_TIME[s]=2.581e-05 THROUGHPUT[elems/s]=7.74893e+08
[100/120] run=9/10 N=100000 P=512 HASH=mask PARTITION_TIME[s]=0.00019198 THROUGHPUT[elems/s]=1.04178e+09
[101/120] run=9/10 N=100000 P=512 HASH=xorshift PARTITION_TIME[s]=0.00022861 THROUGHPUT[elems/s]=8.74852e+08
[102/120] run=9/10 N=100000 P=512 HASH=fmix32fold PARTITION_TIME[s]=0.00025679 THROUGHPUT[elems/s]=7.78847e+08
[103/120] run=9/10 N=1000000 P=512 HASH=mask PARTITION_TIME[s]=0.00169548 THROUGHPUT[elems/s]=1.17961e+09
[104/120] run=9/10 N=1000000 P=512 HASH=xorshift PARTITION_TIME[s]=0.00222875 THROUGHPUT[elems/s]=8.97364e+08
[105/120] run=9/10 N=1000000 P=512 HASH=fmix32fold PARTITION_TIME[s]=0.00250268 THROUGHPUT[elems/s]=7.99143e+08
[106/120] run=9/10 N=10000000 P=512 HASH=mask PARTITION_TIME[s]=0.0165473 THROUGHPUT[elems/s]=1.20866e+09
[107/120] run=9/10 N=10000000 P=512 HASH=xorshift PARTITION_TIME[s]=0.022304 THROUGHPUT[elems/s]=8.96702e+08
[108/120] run=9/10 N=10000000 P=512 HASH=fmix32fold PARTITION_TIME[s]=0.0251315 THROUGHPUT[elems/s]=7.95813e+08
[109/120] run=10/10 N=10000 P=512 HASH=mask PARTITION_TIME[s]=1.88e-05 THROUGHPUT[elems/s]=1.06383e+09
[110/120] run=10/10 N=10000 P=512 HASH=xorshift PARTITION_TIME[s]=2.329e-05 THROUGHPUT[elems/s]=8.58738e+08
[111/120] run=10/10 N=10000 P=512 HASH=fmix32fold PARTITION_TIME[s]=2.668e-05 THROUGHPUT[elems/s]=7.49625e+08
[112/120] run=10/10 N=100000 P=512 HASH=mask PARTITION_TIME[s]=0.00017523 THROUGHPUT[elems/s]=1.14136e+09
[113/120] run=10/10 N=100000 P=512 HASH=xorshift PARTITION_TIME[s]=0.00022632 THROUGHPUT[elems/s]=8.83704e+08
[114/120] run=10/10 N=100000 P=512 HASH=fmix32fold PARTITION_TIME[s]=0.0002548 THROUGHPUT[elems/s]=7.84929e+08
[115/120] run=10/10 N=1000000 P=512 HASH=mask PARTITION_TIME[s]=0.00174516 THROUGHPUT[elems/s]=1.14603e+09
[116/120] run=10/10 N=1000000 P=512 HASH=xorshift PARTITION_TIME[s]=0.00224337 THROUGHPUT[elems/s]=8.91516e+08
[117/120] run=10/10 N=1000000 P=512 HASH=fmix32fold PARTITION_TIME[s]=0.00251926 THROUGHPUT[elems/s]=7.93884e+08
[118/120] run=10/10 N=10000000 P=512 HASH=mask PARTITION_TIME[s]=0.0165232 THROUGHPUT[elems/s]=1.21042e+09
[119/120] run=10/10 N=10000000 P=512 HASH=xorshift PARTITION_TIME[s]=0.0222741 THROUGHPUT[elems/s]=8.97903e+08
[120/120] run=10/10 N=10000000 P=512 HASH=fmix32fold PARTITION_TIME[s]=0.0251279 THROUGHPUT[elems/s]=7.9593e+08

All jobs submitted.
