[1/81] run=1/1 N=100000 P=16 HASH=mask PARTITION_TIME[s]=0.00018 THROUGHPUT[elems/s]=1.11111e+09
[2/81] run=1/1 N=100000 P=16 HASH=xorshift PARTITION_TIME[s]=0.00022 THROUGHPUT[elems/s]=9.09091e+08
[3/81] run=1/1 N=100000 P=16 HASH=fmix32fold PARTITION_TIME[s]=0.00026 THROUGHPUT[elems/s]=7.69231e+08
[4/81] run=1/1 N=100000 P=32 HASH=mask PARTITION_TIME[s]=0.00018 THROUGHPUT[elems/s]=1.11111e+09
[5/81] run=1/1 N=100000 P=32 HASH=xorshift PARTITION_TIME[s]=0.00024 THROUGHPUT[elems/s]=8.33333e+08
[6/81] run=1/1 N=100000 P=32 HASH=fmix32fold PARTITION_TIME[s]=0.00026 THROUGHPUT[elems/s]=7.69231e+08
[7/81] run=1/1 N=100000 P=64 HASH=mask PARTITION_TIME[s]=0.00019 THROUGHPUT[elems/s]=1.05263e+09
[8/81] run=1/1 N=100000 P=64 HASH=xorshift PARTITION_TIME[s]=0.00022 THROUGHPUT[elems/s]=9.09091e+08
[9/81] run=1/1 N=100000 P=64 HASH=fmix32fold PARTITION_TIME[s]=0.00026 THROUGHPUT[elems/s]=7.69231e+08
[10/81] run=1/1 N=100000 P=128 HASH=mask PARTITION_TIME[s]=0.00018 THROUGHPUT[elems/s]=1.11111e+09
[11/81] run=1/1 N=100000 P=128 HASH=xorshift PARTITION_TIME[s]=0.00024 THROUGHPUT[elems/s]=8.33333e+08
[12/81] run=1/1 N=100000 P=128 HASH=fmix32fold PARTITION_TIME[s]=0.00026 THROUGHPUT[elems/s]=7.69231e+08
[13/81] run=1/1 N=100000 P=256 HASH=mask PARTITION_TIME[s]=0.00018 THROUGHPUT[elems/s]=1.11111e+09
[14/81] run=1/1 N=100000 P=256 HASH=xorshift PARTITION_TIME[s]=0.00022 THROUGHPUT[elems/s]=9.09091e+08
[15/81] run=1/1 N=100000 P=256 HASH=fmix32fold PARTITION_TIME[s]=0.00026 THROUGHPUT[elems/s]=7.69231e+08
[16/81] run=1/1 N=100000 P=512 HASH=mask PARTITION_TIME[s]=0.00018 THROUGHPUT[elems/s]=1.11111e+09
[17/81] run=1/1 N=100000 P=512 HASH=xorshift PARTITION_TIME[s]=0.00022 THROUGHPUT[elems/s]=9.09091e+08
[18/81] run=1/1 N=100000 P=512 HASH=fmix32fold PARTITION_TIME[s]=0.00026 THROUGHPUT[elems/s]=7.69231e+08
[19/81] run=1/1 N=100000 P=1024 HASH=mask PARTITION_TIME[s]=0.00019 THROUGHPUT[elems/s]=1.05263e+09
[20/81] run=1/1 N=100000 P=1024 HASH=xorshift PARTITION_TIME[s]=0.00022 THROUGHPUT[elems/s]=9.09091e+08
[21/81] run=1/1 N=100000 P=1024 HASH=fmix32fold PARTITION_TIME[s]=0.00026 THROUGHPUT[elems/s]=7.69231e+08
[22/81] run=1/1 N=100000 P=2048 HASH=mask PARTITION_TIME[s]=0.00018 THROUGHPUT[elems/s]=1.11111e+09
[23/81] run=1/1 N=100000 P=2048 HASH=xorshift PARTITION_TIME[s]=0.00022 THROUGHPUT[elems/s]=9.09091e+08
[24/81] run=1/1 N=100000 P=2048 HASH=fmix32fold PARTITION_TIME[s]=0.00026 THROUGHPUT[elems/s]=7.69231e+08
[25/81] run=1/1 N=100000 P=4096 HASH=mask PARTITION_TIME[s]=0.00018 THROUGHPUT[elems/s]=1.11111e+09
[26/81] run=1/1 N=100000 P=4096 HASH=xorshift PARTITION_TIME[s]=0.00022 THROUGHPUT[elems/s]=9.09091e+08
[27/81] run=1/1 N=100000 P=4096 HASH=fmix32fold PARTITION_TIME[s]=0.00025 THROUGHPUT[elems/s]=8e+08
[28/81] run=1/1 N=1000000 P=16 HASH=mask PARTITION_TIME[s]=0.00173 THROUGHPUT[elems/s]=1.15607e+09
[29/81] run=1/1 N=1000000 P=16 HASH=xorshift PARTITION_TIME[s]=0.00221 THROUGHPUT[elems/s]=9.04977e+08
[30/81] run=1/1 N=1000000 P=16 HASH=fmix32fold PARTITION_TIME[s]=0.00249 THROUGHPUT[elems/s]=8.03213e+08
[31/81] run=1/1 N=1000000 P=32 HASH=mask PARTITION_TIME[s]=0.00173 THROUGHPUT[elems/s]=1.15607e+09
[32/81] run=1/1 N=1000000 P=32 HASH=xorshift PARTITION_TIME[s]=0.00222 THROUGHPUT[elems/s]=9.00901e+08
[33/81] run=1/1 N=1000000 P=32 HASH=fmix32fold PARTITION_TIME[s]=0.00252 THROUGHPUT[elems/s]=7.93651e+08
[34/81] run=1/1 N=1000000 P=64 HASH=mask PARTITION_TIME[s]=0.0017 THROUGHPUT[elems/s]=1.17647e+09
[35/81] run=1/1 N=1000000 P=64 HASH=xorshift PARTITION_TIME[s]=0.00223 THROUGHPUT[elems/s]=8.96861e+08
[36/81] run=1/1 N=1000000 P=64 HASH=fmix32fold PARTITION_TIME[s]=0.0025 THROUGHPUT[elems/s]=8e+08
[37/81] run=1/1 N=1000000 P=128 HASH=mask PARTITION_TIME[s]=0.00165 THROUGHPUT[elems/s]=1.21212e+09
[38/81] run=1/1 N=1000000 P=128 HASH=xorshift PARTITION_TIME[s]=0.00222 THROUGHPUT[elems/s]=9.00901e+08
[39/81] run=1/1 N=1000000 P=128 HASH=fmix32fold PARTITION_TIME[s]=0.00251 THROUGHPUT[elems/s]=7.96813e+08
[40/81] run=1/1 N=1000000 P=256 HASH=mask PARTITION_TIME[s]=0.00171 THROUGHPUT[elems/s]=1.16959e+09
[41/81] run=1/1 N=1000000 P=256 HASH=xorshift PARTITION_TIME[s]=0.00222 THROUGHPUT[elems/s]=9.00901e+08
[42/81] run=1/1 N=1000000 P=256 HASH=fmix32fold PARTITION_TIME[s]=0.00252 THROUGHPUT[elems/s]=7.93651e+08
[43/81] run=1/1 N=1000000 P=512 HASH=mask PARTITION_TIME[s]=0.00168 THROUGHPUT[elems/s]=1.19048e+09
[44/81] run=1/1 N=1000000 P=512 HASH=xorshift PARTITION_TIME[s]=0.00222 THROUGHPUT[elems/s]=9.00901e+08
[45/81] run=1/1 N=1000000 P=512 HASH=fmix32fold PARTITION_TIME[s]=0.00249 THROUGHPUT[elems/s]=8.03213e+08
[46/81] run=1/1 N=1000000 P=1024 HASH=mask PARTITION_TIME[s]=0.00174 THROUGHPUT[elems/s]=1.14943e+09
[47/81] run=1/1 N=1000000 P=1024 HASH=xorshift PARTITION_TIME[s]=0.00224 THROUGHPUT[elems/s]=8.92857e+08
[48/81] run=1/1 N=1000000 P=1024 HASH=fmix32fold PARTITION_TIME[s]=0.00252 THROUGHPUT[elems/s]=7.93651e+08
[49/81] run=1/1 N=1000000 P=2048 HASH=mask PARTITION_TIME[s]=0.00173 THROUGHPUT[elems/s]=1.15607e+09
[50/81] run=1/1 N=1000000 P=2048 HASH=xorshift PARTITION_TIME[s]=0.00225 THROUGHPUT[elems/s]=8.88889e+08
[51/81] run=1/1 N=1000000 P=2048 HASH=fmix32fold PARTITION_TIME[s]=0.00254 THROUGHPUT[elems/s]=7.87402e+08
[52/81] run=1/1 N=1000000 P=4096 HASH=mask PARTITION_TIME[s]=0.00175 THROUGHPUT[elems/s]=1.14286e+09
[53/81] run=1/1 N=1000000 P=4096 HASH=xorshift PARTITION_TIME[s]=0.00222 THROUGHPUT[elems/s]=9.00901e+08
[54/81] run=1/1 N=1000000 P=4096 HASH=fmix32fold PARTITION_TIME[s]=0.00251 THROUGHPUT[elems/s]=7.96813e+08
[55/81] run=1/1 N=10000000 P=16 HASH=mask PARTITION_TIME[s]=0.01664 THROUGHPUT[elems/s]=1.20192e+09
[56/81] run=1/1 N=10000000 P=16 HASH=xorshift PARTITION_TIME[s]=0.02229 THROUGHPUT[elems/s]=8.97263e+08
[57/81] run=1/1 N=10000000 P=16 HASH=fmix32fold PARTITION_TIME[s]=0.02544 THROUGHPUT[elems/s]=7.86164e+08
[58/81] run=1/1 N=10000000 P=32 HASH=mask PARTITION_TIME[s]=0.01665 THROUGHPUT[elems/s]=1.2012e+09
[59/81] run=1/1 N=10000000 P=32 HASH=xorshift PARTITION_TIME[s]=0.02224 THROUGHPUT[elems/s]=8.99281e+08
[60/81] run=1/1 N=10000000 P=32 HASH=fmix32fold PARTITION_TIME[s]=0.02509 THROUGHPUT[elems/s]=7.9713e+08
[61/81] run=1/1 N=10000000 P=64 HASH=mask PARTITION_TIME[s]=0.01664 THROUGHPUT[elems/s]=1.20192e+09
[62/81] run=1/1 N=10000000 P=64 HASH=xorshift PARTITION_TIME[s]=0.02233 THROUGHPUT[elems/s]=8.95656e+08
[63/81] run=1/1 N=10000000 P=64 HASH=fmix32fold PARTITION_TIME[s]=0.0251 THROUGHPUT[elems/s]=7.96813e+08
[64/81] run=1/1 N=10000000 P=128 HASH=mask PARTITION_TIME[s]=0.01658 THROUGHPUT[elems/s]=1.20627e+09
[65/81] run=1/1 N=10000000 P=128 HASH=xorshift PARTITION_TIME[s]=0.0222 THROUGHPUT[elems/s]=9.00901e+08
[66/81] run=1/1 N=10000000 P=128 HASH=fmix32fold PARTITION_TIME[s]=0.02515 THROUGHPUT[elems/s]=7.95229e+08
[67/81] run=1/1 N=10000000 P=256 HASH=mask PARTITION_TIME[s]=0.0165 THROUGHPUT[elems/s]=1.21212e+09
[68/81] run=1/1 N=10000000 P=256 HASH=xorshift PARTITION_TIME[s]=0.02236 THROUGHPUT[elems/s]=8.94454e+08
[69/81] run=1/1 N=10000000 P=256 HASH=fmix32fold PARTITION_TIME[s]=0.02517 THROUGHPUT[elems/s]=7.94597e+08
[70/81] run=1/1 N=10000000 P=512 HASH=mask PARTITION_TIME[s]=0.01654 THROUGHPUT[elems/s]=1.20919e+09
[71/81] run=1/1 N=10000000 P=512 HASH=xorshift PARTITION_TIME[s]=0.02227 THROUGHPUT[elems/s]=8.98069e+08
[72/81] run=1/1 N=10000000 P=512 HASH=fmix32fold PARTITION_TIME[s]=0.02515 THROUGHPUT[elems/s]=7.95229e+08
[73/81] run=1/1 N=10000000 P=1024 HASH=mask PARTITION_TIME[s]=0.01663 THROUGHPUT[elems/s]=1.20265e+09
[74/81] run=1/1 N=10000000 P=1024 HASH=xorshift PARTITION_TIME[s]=0.0223 THROUGHPUT[elems/s]=8.96861e+08
[75/81] run=1/1 N=10000000 P=1024 HASH=fmix32fold PARTITION_TIME[s]=0.02513 THROUGHPUT[elems/s]=7.95862e+08
[76/81] run=1/1 N=10000000 P=2048 HASH=mask PARTITION_TIME[s]=0.01661 THROUGHPUT[elems/s]=1.20409e+09
[77/81] run=1/1 N=10000000 P=2048 HASH=xorshift PARTITION_TIME[s]=0.02234 THROUGHPUT[elems/s]=8.95255e+08
[78/81] run=1/1 N=10000000 P=2048 HASH=fmix32fold PARTITION_TIME[s]=0.02515 THROUGHPUT[elems/s]=7.95229e+08
[79/81] run=1/1 N=10000000 P=4096 HASH=mask PARTITION_TIME[s]=0.01657 THROUGHPUT[elems/s]=1.207e+09
[80/81] run=1/1 N=10000000 P=4096 HASH=xorshift PARTITION_TIME[s]=0.02217 THROUGHPUT[elems/s]=9.0212e+08
[81/81] run=1/1 N=10000000 P=4096 HASH=fmix32fold PARTITION_TIME[s]=0.02512 THROUGHPUT[elems/s]=7.96178e+08

All jobs submitted.
