[1/81] run=1/1 N=100000 P=16 HASH=mask PARTITION_TIME[s]=0.00023 THROUGHPUT[elems/s]=8.69565e+08
[2/81] run=1/1 N=100000 P=16 HASH=mul PARTITION_TIME[s]=0.00021 THROUGHPUT[elems/s]=9.52381e+08
[3/81] run=1/1 N=100000 P=16 HASH=fmix64 PARTITION_TIME[s]=0.00042 THROUGHPUT[elems/s]=4.7619e+08
[4/81] run=1/1 N=100000 P=32 HASH=mask PARTITION_TIME[s]=0.00022 THROUGHPUT[elems/s]=9.09091e+08
[5/81] run=1/1 N=100000 P=32 HASH=mul PARTITION_TIME[s]=0.00021 THROUGHPUT[elems/s]=9.52381e+08
[6/81] run=1/1 N=100000 P=32 HASH=fmix64 PARTITION_TIME[s]=0.00042 THROUGHPUT[elems/s]=4.7619e+08
[7/81] run=1/1 N=100000 P=64 HASH=mask PARTITION_TIME[s]=0.00022 THROUGHPUT[elems/s]=9.09091e+08
[8/81] run=1/1 N=100000 P=64 HASH=mul PARTITION_TIME[s]=0.00022 THROUGHPUT[elems/s]=9.09091e+08
[9/81] run=1/1 N=100000 P=64 HASH=fmix64 PARTITION_TIME[s]=0.00041 THROUGHPUT[elems/s]=4.87805e+08
[10/81] run=1/1 N=100000 P=128 HASH=mask PARTITION_TIME[s]=0.00022 THROUGHPUT[elems/s]=9.09091e+08
[11/81] run=1/1 N=100000 P=128 HASH=mul PARTITION_TIME[s]=0.00021 THROUGHPUT[elems/s]=9.52381e+08
[12/81] run=1/1 N=100000 P=128 HASH=fmix64 PARTITION_TIME[s]=0.00042 THROUGHPUT[elems/s]=4.7619e+08
[13/81] run=1/1 N=100000 P=256 HASH=mask PARTITION_TIME[s]=0.00023 THROUGHPUT[elems/s]=8.69565e+08
[14/81] run=1/1 N=100000 P=256 HASH=mul PARTITION_TIME[s]=0.00021 THROUGHPUT[elems/s]=9.52381e+08
[15/81] run=1/1 N=100000 P=256 HASH=fmix64 PARTITION_TIME[s]=0.00042 THROUGHPUT[elems/s]=4.7619e+08
[16/81] run=1/1 N=100000 P=512 HASH=mask PARTITION_TIME[s]=0.00022 THROUGHPUT[elems/s]=9.09091e+08
[17/81] run=1/1 N=100000 P=512 HASH=mul PARTITION_TIME[s]=0.0002 THROUGHPUT[elems/s]=1e+09
[18/81] run=1/1 N=100000 P=512 HASH=fmix64 PARTITION_TIME[s]=0.00042 THROUGHPUT[elems/s]=4.7619e+08
[19/81] run=1/1 N=100000 P=1024 HASH=mask PARTITION_TIME[s]=0.00022 THROUGHPUT[elems/s]=9.09091e+08
[20/81] run=1/1 N=100000 P=1024 HASH=mul PARTITION_TIME[s]=0.00022 THROUGHPUT[elems/s]=9.09091e+08
[21/81] run=1/1 N=100000 P=1024 HASH=fmix64 PARTITION_TIME[s]=0.00042 THROUGHPUT[elems/s]=4.7619e+08
[22/81] run=1/1 N=100000 P=2048 HASH=mask PARTITION_TIME[s]=0.00022 THROUGHPUT[elems/s]=9.09091e+08
[23/81] run=1/1 N=100000 P=2048 HASH=mul PARTITION_TIME[s]=0.0002 THROUGHPUT[elems/s]=1e+09
[24/81] run=1/1 N=100000 P=2048 HASH=fmix64 PARTITION_TIME[s]=0.00042 THROUGHPUT[elems/s]=4.7619e+08
[25/81] run=1/1 N=100000 P=4096 HASH=mask PARTITION_TIME[s]=0.00021 THROUGHPUT[elems/s]=9.52381e+08
[26/81] run=1/1 N=100000 P=4096 HASH=mul PARTITION_TIME[s]=0.00022 THROUGHPUT[elems/s]=9.09091e+08
[27/81] run=1/1 N=100000 P=4096 HASH=fmix64 PARTITION_TIME[s]=0.00041 THROUGHPUT[elems/s]=4.87805e+08
[28/81] run=1/1 N=1000000 P=16 HASH=mask PARTITION_TIME[s]=0.00217 THROUGHPUT[elems/s]=9.21659e+08
[29/81] run=1/1 N=1000000 P=16 HASH=mul PARTITION_TIME[s]=0.0021 THROUGHPUT[elems/s]=9.52381e+08
[30/81] run=1/1 N=1000000 P=16 HASH=fmix64 PARTITION_TIME[s]=0.00414 THROUGHPUT[elems/s]=4.83092e+08
[31/81] run=1/1 N=1000000 P=32 HASH=mask PARTITION_TIME[s]=0.00219 THROUGHPUT[elems/s]=9.13242e+08
[32/81] run=1/1 N=1000000 P=32 HASH=mul PARTITION_TIME[s]=0.00209 THROUGHPUT[elems/s]=9.56938e+08
[33/81] run=1/1 N=1000000 P=32 HASH=fmix64 PARTITION_TIME[s]=0.00414 THROUGHPUT[elems/s]=4.83092e+08
[34/81] run=1/1 N=1000000 P=64 HASH=mask PARTITION_TIME[s]=0.00217 THROUGHPUT[elems/s]=9.21659e+08
[35/81] run=1/1 N=1000000 P=64 HASH=mul PARTITION_TIME[s]=0.00207 THROUGHPUT[elems/s]=9.66184e+08
[36/81] run=1/1 N=1000000 P=64 HASH=fmix64 PARTITION_TIME[s]=0.00414 THROUGHPUT[elems/s]=4.83092e+08
[37/81] run=1/1 N=1000000 P=128 HASH=mask PARTITION_TIME[s]=0.00219 THROUGHPUT[elems/s]=9.13242e+08
[38/81] run=1/1 N=1000000 P=128 HASH=mul PARTITION_TIME[s]=0.0021 THROUGHPUT[elems/s]=9.52381e+08
[39/81] run=1/1 N=1000000 P=128 HASH=fmix64 PARTITION_TIME[s]=0.00413 THROUGHPUT[elems/s]=4.84262e+08
[40/81] run=1/1 N=1000000 P=256 HASH=mask PARTITION_TIME[s]=0.00221 THROUGHPUT[elems/s]=9.04977e+08
[41/81] run=1/1 N=1000000 P=256 HASH=mul PARTITION_TIME[s]=0.00212 THROUGHPUT[elems/s]=9.43396e+08
[42/81] run=1/1 N=1000000 P=256 HASH=fmix64 PARTITION_TIME[s]=0.00414 THROUGHPUT[elems/s]=4.83092e+08
[43/81] run=1/1 N=1000000 P=512 HASH=mask PARTITION_TIME[s]=0.00216 THROUGHPUT[elems/s]=9.25926e+08
[44/81] run=1/1 N=1000000 P=512 HASH=mul PARTITION_TIME[s]=0.00211 THROUGHPUT[elems/s]=9.47867e+08
[45/81] run=1/1 N=1000000 P=512 HASH=fmix64 PARTITION_TIME[s]=0.00415 THROUGHPUT[elems/s]=4.81928e+08
[46/81] run=1/1 N=1000000 P=1024 HASH=mask PARTITION_TIME[s]=0.00214 THROUGHPUT[elems/s]=9.34579e+08
[47/81] run=1/1 N=1000000 P=1024 HASH=mul PARTITION_TIME[s]=0.00208 THROUGHPUT[elems/s]=9.61538e+08
[48/81] run=1/1 N=1000000 P=1024 HASH=fmix64 PARTITION_TIME[s]=0.00414 THROUGHPUT[elems/s]=4.83092e+08
[49/81] run=1/1 N=1000000 P=2048 HASH=mask PARTITION_TIME[s]=0.00218 THROUGHPUT[elems/s]=9.17431e+08
[50/81] run=1/1 N=1000000 P=2048 HASH=mul PARTITION_TIME[s]=0.00207 THROUGHPUT[elems/s]=9.66184e+08
[51/81] run=1/1 N=1000000 P=2048 HASH=fmix64 PARTITION_TIME[s]=0.00415 THROUGHPUT[elems/s]=4.81928e+08
[52/81] run=1/1 N=1000000 P=4096 HASH=mask PARTITION_TIME[s]=0.00215 THROUGHPUT[elems/s]=9.30233e+08
[53/81] run=1/1 N=1000000 P=4096 HASH=mul PARTITION_TIME[s]=0.0021 THROUGHPUT[elems/s]=9.52381e+08
[54/81] run=1/1 N=1000000 P=4096 HASH=fmix64 PARTITION_TIME[s]=0.00415 THROUGHPUT[elems/s]=4.81928e+08
[55/81] run=1/1 N=10000000 P=16 HASH=mask PARTITION_TIME[s]=0.02182 THROUGHPUT[elems/s]=9.1659e+08
[56/81] run=1/1 N=10000000 P=16 HASH=mul PARTITION_TIME[s]=0.02076 THROUGHPUT[elems/s]=9.63391e+08
[57/81] run=1/1 N=10000000 P=16 HASH=fmix64 PARTITION_TIME[s]=0.04138 THROUGHPUT[elems/s]=4.83325e+08
[58/81] run=1/1 N=10000000 P=32 HASH=mask PARTITION_TIME[s]=0.02193 THROUGHPUT[elems/s]=9.11993e+08
[59/81] run=1/1 N=10000000 P=32 HASH=mul PARTITION_TIME[s]=0.02065 THROUGHPUT[elems/s]=9.68523e+08
[60/81] run=1/1 N=10000000 P=32 HASH=fmix64 PARTITION_TIME[s]=0.04142 THROUGHPUT[elems/s]=4.82859e+08
[61/81] run=1/1 N=10000000 P=64 HASH=mask PARTITION_TIME[s]=0.02203 THROUGHPUT[elems/s]=9.07853e+08
[62/81] run=1/1 N=10000000 P=64 HASH=mul PARTITION_TIME[s]=0.02075 THROUGHPUT[elems/s]=9.63855e+08
[63/81] run=1/1 N=10000000 P=64 HASH=fmix64 PARTITION_TIME[s]=0.04147 THROUGHPUT[elems/s]=4.82276e+08
[64/81] run=1/1 N=10000000 P=128 HASH=mask PARTITION_TIME[s]=0.02155 THROUGHPUT[elems/s]=9.28074e+08
[65/81] run=1/1 N=10000000 P=128 HASH=mul PARTITION_TIME[s]=0.02063 THROUGHPUT[elems/s]=9.69462e+08
[66/81] run=1/1 N=10000000 P=128 HASH=fmix64 PARTITION_TIME[s]=0.0414 THROUGHPUT[elems/s]=4.83092e+08
[67/81] run=1/1 N=10000000 P=256 HASH=mask PARTITION_TIME[s]=0.02179 THROUGHPUT[elems/s]=9.17852e+08
[68/81] run=1/1 N=10000000 P=256 HASH=mul PARTITION_TIME[s]=0.02059 THROUGHPUT[elems/s]=9.71345e+08
[69/81] run=1/1 N=10000000 P=256 HASH=fmix64 PARTITION_TIME[s]=0.04147 THROUGHPUT[elems/s]=4.82276e+08
[70/81] run=1/1 N=10000000 P=512 HASH=mask PARTITION_TIME[s]=0.02162 THROUGHPUT[elems/s]=9.25069e+08
[71/81] run=1/1 N=10000000 P=512 HASH=mul PARTITION_TIME[s]=0.02075 THROUGHPUT[elems/s]=9.63855e+08
[72/81] run=1/1 N=10000000 P=512 HASH=fmix64 PARTITION_TIME[s]=0.04148 THROUGHPUT[elems/s]=4.8216e+08
[73/81] run=1/1 N=10000000 P=1024 HASH=mask PARTITION_TIME[s]=0.02146 THROUGHPUT[elems/s]=9.31966e+08
[74/81] run=1/1 N=10000000 P=1024 HASH=mul PARTITION_TIME[s]=0.02072 THROUGHPUT[elems/s]=9.65251e+08
[75/81] run=1/1 N=10000000 P=1024 HASH=fmix64 PARTITION_TIME[s]=0.04139 THROUGHPUT[elems/s]=4.83209e+08
[76/81] run=1/1 N=10000000 P=2048 HASH=mask PARTITION_TIME[s]=0.0215 THROUGHPUT[elems/s]=9.30233e+08
[77/81] run=1/1 N=10000000 P=2048 HASH=mul PARTITION_TIME[s]=0.02077 THROUGHPUT[elems/s]=9.62927e+08
[78/81] run=1/1 N=10000000 P=2048 HASH=fmix64 PARTITION_TIME[s]=0.04143 THROUGHPUT[elems/s]=4.82742e+08
[79/81] run=1/1 N=10000000 P=4096 HASH=mask PARTITION_TIME[s]=0.0217 THROUGHPUT[elems/s]=9.21659e+08
[80/81] run=1/1 N=10000000 P=4096 HASH=mul PARTITION_TIME[s]=0.02091 THROUGHPUT[elems/s]=9.5648e+08
[81/81] run=1/1 N=10000000 P=4096 HASH=fmix64 PARTITION_TIME[s]=0.04144 THROUGHPUT[elems/s]=4.82625e+08

All jobs submitted.
