[1/81] run=1/1 N=100000 P=16 HASH=mask PARTITION_TIME[s]=0.00023 THROUGHPUT[elems/s]=8.69565e+08
[2/81] run=1/1 N=100000 P=16 HASH=xorshift PARTITION_TIME[s]=0.00028 THROUGHPUT[elems/s]=7.14286e+08
[3/81] run=1/1 N=100000 P=16 HASH=fmix32fold PARTITION_TIME[s]=0.00044 THROUGHPUT[elems/s]=4.54545e+08
[4/81] run=1/1 N=100000 P=32 HASH=mask PARTITION_TIME[s]=0.0002 THROUGHPUT[elems/s]=1e+09
[5/81] run=1/1 N=100000 P=32 HASH=xorshift PARTITION_TIME[s]=0.00032 THROUGHPUT[elems/s]=6.25e+08
[6/81] run=1/1 N=100000 P=32 HASH=fmix32fold PARTITION_TIME[s]=0.00046 THROUGHPUT[elems/s]=4.34783e+08
[7/81] run=1/1 N=100000 P=64 HASH=mask PARTITION_TIME[s]=0.0002 THROUGHPUT[elems/s]=1e+09
[8/81] run=1/1 N=100000 P=64 HASH=xorshift PARTITION_TIME[s]=0.0003 THROUGHPUT[elems/s]=6.66667e+08
[9/81] run=1/1 N=100000 P=64 HASH=fmix32fold PARTITION_TIME[s]=0.00044 THROUGHPUT[elems/s]=4.54545e+08
[10/81] run=1/1 N=100000 P=128 HASH=mask PARTITION_TIME[s]=0.0002 THROUGHPUT[elems/s]=1e+09
[11/81] run=1/1 N=100000 P=128 HASH=xorshift PARTITION_TIME[s]=0.00029 THROUGHPUT[elems/s]=6.89655e+08
[12/81] run=1/1 N=100000 P=128 HASH=fmix32fold PARTITION_TIME[s]=0.00044 THROUGHPUT[elems/s]=4.54545e+08
[13/81] run=1/1 N=100000 P=256 HASH=mask PARTITION_TIME[s]=0.00019 THROUGHPUT[elems/s]=1.05263e+09
[14/81] run=1/1 N=100000 P=256 HASH=xorshift PARTITION_TIME[s]=0.00028 THROUGHPUT[elems/s]=7.14286e+08
[15/81] run=1/1 N=100000 P=256 HASH=fmix32fold PARTITION_TIME[s]=0.00044 THROUGHPUT[elems/s]=4.54545e+08
[16/81] run=1/1 N=100000 P=512 HASH=mask PARTITION_TIME[s]=0.0002 THROUGHPUT[elems/s]=1e+09
[17/81] run=1/1 N=100000 P=512 HASH=xorshift PARTITION_TIME[s]=0.00028 THROUGHPUT[elems/s]=7.14286e+08
[18/81] run=1/1 N=100000 P=512 HASH=fmix32fold PARTITION_TIME[s]=0.00046 THROUGHPUT[elems/s]=4.34783e+08
[19/81] run=1/1 N=100000 P=1024 HASH=mask PARTITION_TIME[s]=0.0002 THROUGHPUT[elems/s]=1e+09
[20/81] run=1/1 N=100000 P=1024 HASH=xorshift PARTITION_TIME[s]=0.0003 THROUGHPUT[elems/s]=6.66667e+08
[21/81] run=1/1 N=100000 P=1024 HASH=fmix32fold PARTITION_TIME[s]=0.00043 THROUGHPUT[elems/s]=4.65116e+08
[22/81] run=1/1 N=100000 P=2048 HASH=mask PARTITION_TIME[s]=0.0002 THROUGHPUT[elems/s]=1e+09
[23/81] run=1/1 N=100000 P=2048 HASH=xorshift PARTITION_TIME[s]=0.00029 THROUGHPUT[elems/s]=6.89655e+08
[24/81] run=1/1 N=100000 P=2048 HASH=fmix32fold PARTITION_TIME[s]=0.00043 THROUGHPUT[elems/s]=4.65116e+08
[25/81] run=1/1 N=100000 P=4096 HASH=mask PARTITION_TIME[s]=0.0002 THROUGHPUT[elems/s]=1e+09
[26/81] run=1/1 N=100000 P=4096 HASH=xorshift PARTITION_TIME[s]=0.00029 THROUGHPUT[elems/s]=6.89655e+08
[27/81] run=1/1 N=100000 P=4096 HASH=fmix32fold PARTITION_TIME[s]=0.00046 THROUGHPUT[elems/s]=4.34783e+08
[28/81] run=1/1 N=1000000 P=16 HASH=mask PARTITION_TIME[s]=0.00189 THROUGHPUT[elems/s]=1.0582e+09
[29/81] run=1/1 N=1000000 P=16 HASH=xorshift PARTITION_TIME[s]=0.00287 THROUGHPUT[elems/s]=6.96864e+08
[30/81] run=1/1 N=1000000 P=16 HASH=fmix32fold PARTITION_TIME[s]=0.0044 THROUGHPUT[elems/s]=4.54545e+08
[31/81] run=1/1 N=1000000 P=32 HASH=mask PARTITION_TIME[s]=0.0019 THROUGHPUT[elems/s]=1.05263e+09
[32/81] run=1/1 N=1000000 P=32 HASH=xorshift PARTITION_TIME[s]=0.00298 THROUGHPUT[elems/s]=6.71141e+08
[33/81] run=1/1 N=1000000 P=32 HASH=fmix32fold PARTITION_TIME[s]=0.00439 THROUGHPUT[elems/s]=4.55581e+08
[34/81] run=1/1 N=1000000 P=64 HASH=mask PARTITION_TIME[s]=0.00189 THROUGHPUT[elems/s]=1.0582e+09
[35/81] run=1/1 N=1000000 P=64 HASH=xorshift PARTITION_TIME[s]=0.00293 THROUGHPUT[elems/s]=6.82594e+08
[36/81] run=1/1 N=1000000 P=64 HASH=fmix32fold PARTITION_TIME[s]=0.00446 THROUGHPUT[elems/s]=4.4843e+08
[37/81] run=1/1 N=1000000 P=128 HASH=mask PARTITION_TIME[s]=0.00187 THROUGHPUT[elems/s]=1.06952e+09
[38/81] run=1/1 N=1000000 P=128 HASH=xorshift PARTITION_TIME[s]=0.00282 THROUGHPUT[elems/s]=7.0922e+08
[39/81] run=1/1 N=1000000 P=128 HASH=fmix32fold PARTITION_TIME[s]=0.0044 THROUGHPUT[elems/s]=4.54545e+08
[40/81] run=1/1 N=1000000 P=256 HASH=mask PARTITION_TIME[s]=0.00187 THROUGHPUT[elems/s]=1.06952e+09
[41/81] run=1/1 N=1000000 P=256 HASH=xorshift PARTITION_TIME[s]=0.00296 THROUGHPUT[elems/s]=6.75676e+08
[42/81] run=1/1 N=1000000 P=256 HASH=fmix32fold PARTITION_TIME[s]=0.00438 THROUGHPUT[elems/s]=4.56621e+08
[43/81] run=1/1 N=1000000 P=512 HASH=mask PARTITION_TIME[s]=0.00188 THROUGHPUT[elems/s]=1.06383e+09
[44/81] run=1/1 N=1000000 P=512 HASH=xorshift PARTITION_TIME[s]=0.00294 THROUGHPUT[elems/s]=6.80272e+08
[45/81] run=1/1 N=1000000 P=512 HASH=fmix32fold PARTITION_TIME[s]=0.0044 THROUGHPUT[elems/s]=4.54545e+08
[46/81] run=1/1 N=1000000 P=1024 HASH=mask PARTITION_TIME[s]=0.00184 THROUGHPUT[elems/s]=1.08696e+09
[47/81] run=1/1 N=1000000 P=1024 HASH=xorshift PARTITION_TIME[s]=0.00292 THROUGHPUT[elems/s]=6.84932e+08
[48/81] run=1/1 N=1000000 P=1024 HASH=fmix32fold PARTITION_TIME[s]=0.0044 THROUGHPUT[elems/s]=4.54545e+08
[49/81] run=1/1 N=1000000 P=2048 HASH=mask PARTITION_TIME[s]=0.0019 THROUGHPUT[elems/s]=1.05263e+09
[50/81] run=1/1 N=1000000 P=2048 HASH=xorshift PARTITION_TIME[s]=0.00289 THROUGHPUT[elems/s]=6.92042e+08
[51/81] run=1/1 N=1000000 P=2048 HASH=fmix32fold PARTITION_TIME[s]=0.00438 THROUGHPUT[elems/s]=4.56621e+08
[52/81] run=1/1 N=1000000 P=4096 HASH=mask PARTITION_TIME[s]=0.00188 THROUGHPUT[elems/s]=1.06383e+09
[53/81] run=1/1 N=1000000 P=4096 HASH=xorshift PARTITION_TIME[s]=0.00295 THROUGHPUT[elems/s]=6.77966e+08
[54/81] run=1/1 N=1000000 P=4096 HASH=fmix32fold PARTITION_TIME[s]=0.00441 THROUGHPUT[elems/s]=4.53515e+08
[55/81] run=1/1 N=10000000 P=16 HASH=mask PARTITION_TIME[s]=0.01821 THROUGHPUT[elems/s]=1.0983e+09
[56/81] run=1/1 N=10000000 P=16 HASH=xorshift PARTITION_TIME[s]=0.02932 THROUGHPUT[elems/s]=6.82128e+08
[57/81] run=1/1 N=10000000 P=16 HASH=fmix32fold PARTITION_TIME[s]=0.04402 THROUGHPUT[elems/s]=4.54339e+08
[58/81] run=1/1 N=10000000 P=32 HASH=mask PARTITION_TIME[s]=0.01833 THROUGHPUT[elems/s]=1.09111e+09
[59/81] run=1/1 N=10000000 P=32 HASH=xorshift PARTITION_TIME[s]=0.02941 THROUGHPUT[elems/s]=6.80041e+08
[60/81] run=1/1 N=10000000 P=32 HASH=fmix32fold PARTITION_TIME[s]=0.04363 THROUGHPUT[elems/s]=4.584e+08
[61/81] run=1/1 N=10000000 P=64 HASH=mask PARTITION_TIME[s]=0.01831 THROUGHPUT[elems/s]=1.0923e+09
[62/81] run=1/1 N=10000000 P=64 HASH=xorshift PARTITION_TIME[s]=0.02919 THROUGHPUT[elems/s]=6.85166e+08
[63/81] run=1/1 N=10000000 P=64 HASH=fmix32fold PARTITION_TIME[s]=0.04401 THROUGHPUT[elems/s]=4.54442e+08
[64/81] run=1/1 N=10000000 P=128 HASH=mask PARTITION_TIME[s]=0.01839 THROUGHPUT[elems/s]=1.08755e+09
[65/81] run=1/1 N=10000000 P=128 HASH=xorshift PARTITION_TIME[s]=0.02915 THROUGHPUT[elems/s]=6.86106e+08
[66/81] run=1/1 N=10000000 P=128 HASH=fmix32fold PARTITION_TIME[s]=0.04408 THROUGHPUT[elems/s]=4.53721e+08
[67/81] run=1/1 N=10000000 P=256 HASH=mask PARTITION_TIME[s]=0.01841 THROUGHPUT[elems/s]=1.08637e+09
[68/81] run=1/1 N=10000000 P=256 HASH=xorshift PARTITION_TIME[s]=0.0293 THROUGHPUT[elems/s]=6.82594e+08
[69/81] run=1/1 N=10000000 P=256 HASH=fmix32fold PARTITION_TIME[s]=0.0441 THROUGHPUT[elems/s]=4.53515e+08
[70/81] run=1/1 N=10000000 P=512 HASH=mask PARTITION_TIME[s]=0.01845 THROUGHPUT[elems/s]=1.08401e+09
[71/81] run=1/1 N=10000000 P=512 HASH=xorshift PARTITION_TIME[s]=0.02863 THROUGHPUT[elems/s]=6.98568e+08
[72/81] run=1/1 N=10000000 P=512 HASH=fmix32fold PARTITION_TIME[s]=0.04399 THROUGHPUT[elems/s]=4.54649e+08
[73/81] run=1/1 N=10000000 P=1024 HASH=mask PARTITION_TIME[s]=0.01832 THROUGHPUT[elems/s]=1.0917e+09
[74/81] run=1/1 N=10000000 P=1024 HASH=xorshift PARTITION_TIME[s]=0.02879 THROUGHPUT[elems/s]=6.94686e+08
[75/81] run=1/1 N=10000000 P=1024 HASH=fmix32fold PARTITION_TIME[s]=0.04391 THROUGHPUT[elems/s]=4.55477e+08
[76/81] run=1/1 N=10000000 P=2048 HASH=mask PARTITION_TIME[s]=0.01838 THROUGHPUT[elems/s]=1.08814e+09
[77/81] run=1/1 N=10000000 P=2048 HASH=xorshift PARTITION_TIME[s]=0.02945 THROUGHPUT[elems/s]=6.79117e+08
[78/81] run=1/1 N=10000000 P=2048 HASH=fmix32fold PARTITION_TIME[s]=0.04393 THROUGHPUT[elems/s]=4.5527e+08
[79/81] run=1/1 N=10000000 P=4096 HASH=mask PARTITION_TIME[s]=0.01829 THROUGHPUT[elems/s]=1.09349e+09
[80/81] run=1/1 N=10000000 P=4096 HASH=xorshift PARTITION_TIME[s]=0.02929 THROUGHPUT[elems/s]=6.82827e+08
[81/81] run=1/1 N=10000000 P=4096 HASH=fmix32fold PARTITION_TIME[s]=0.0442 THROUGHPUT[elems/s]=4.52489e+08

All jobs submitted.
