[1/108] run=1/1 N=10000 P=16 HASH=mask PARTITION_TIME[s]=1.81e-05 THROUGHPUT[elems/s]=1.10497e+09
[2/108] run=1/1 N=10000 P=16 HASH=xorshift PARTITION_TIME[s]=2.882e-05 THROUGHPUT[elems/s]=6.93963e+08
[3/108] run=1/1 N=10000 P=16 HASH=fmix32fold PARTITION_TIME[s]=4.414e-05 THROUGHPUT[elems/s]=4.53104e+08
[4/108] run=1/1 N=10000 P=32 HASH=mask PARTITION_TIME[s]=2.017e-05 THROUGHPUT[elems/s]=9.91572e+08
[5/108] run=1/1 N=10000 P=32 HASH=xorshift PARTITION_TIME[s]=2.908e-05 THROUGHPUT[elems/s]=6.87758e+08
[6/108] run=1/1 N=10000 P=32 HASH=fmix32fold PARTITION_TIME[s]=4.44e-05 THROUGHPUT[elems/s]=4.5045e+08
[7/108] run=1/1 N=10000 P=64 HASH=mask PARTITION_TIME[s]=2.091e-05 THROUGHPUT[elems/s]=9.5648e+08
[8/108] run=1/1 N=10000 P=64 HASH=xorshift PARTITION_TIME[s]=3.026e-05 THROUGHPUT[elems/s]=6.60939e+08
[9/108] run=1/1 N=10000 P=64 HASH=fmix32fold PARTITION_TIME[s]=4.41e-05 THROUGHPUT[elems/s]=4.53515e+08
[10/108] run=1/1 N=10000 P=128 HASH=mask PARTITION_TIME[s]=1.984e-05 THROUGHPUT[elems/s]=1.00806e+09
[11/108] run=1/1 N=10000 P=128 HASH=xorshift PARTITION_TIME[s]=2.828e-05 THROUGHPUT[elems/s]=7.07214e+08
[12/108] run=1/1 N=10000 P=128 HASH=fmix32fold PARTITION_TIME[s]=4.346e-05 THROUGHPUT[elems/s]=4.60193e+08
[13/108] run=1/1 N=10000 P=256 HASH=mask PARTITION_TIME[s]=2.007e-05 THROUGHPUT[elems/s]=9.96512e+08
[14/108] run=1/1 N=10000 P=256 HASH=xorshift PARTITION_TIME[s]=2.9e-05 THROUGHPUT[elems/s]=6.89655e+08
[15/108] run=1/1 N=10000 P=256 HASH=fmix32fold PARTITION_TIME[s]=4.455e-05 THROUGHPUT[elems/s]=4.48934e+08
[16/108] run=1/1 N=10000 P=512 HASH=mask PARTITION_TIME[s]=1.978e-05 THROUGHPUT[elems/s]=1.01112e+09
[17/108] run=1/1 N=10000 P=512 HASH=xorshift PARTITION_TIME[s]=3.11e-05 THROUGHPUT[elems/s]=6.43087e+08
[18/108] run=1/1 N=10000 P=512 HASH=fmix32fold PARTITION_TIME[s]=4.386e-05 THROUGHPUT[elems/s]=4.55996e+08
[19/108] run=1/1 N=10000 P=1024 HASH=mask PARTITION_TIME[s]=1.987e-05 THROUGHPUT[elems/s]=1.00654e+09
[20/108] run=1/1 N=10000 P=1024 HASH=xorshift PARTITION_TIME[s]=2.843e-05 THROUGHPUT[elems/s]=7.03482e+08
[21/108] run=1/1 N=10000 P=1024 HASH=fmix32fold PARTITION_TIME[s]=4.461e-05 THROUGHPUT[elems/s]=4.4833e+08
[22/108] run=1/1 N=10000 P=2048 HASH=mask PARTITION_TIME[s]=2.134e-05 THROUGHPUT[elems/s]=9.37207e+08
[23/108] run=1/1 N=10000 P=2048 HASH=xorshift PARTITION_TIME[s]=2.906e-05 THROUGHPUT[elems/s]=6.88231e+08
[24/108] run=1/1 N=10000 P=2048 HASH=fmix32fold PARTITION_TIME[s]=4.365e-05 THROUGHPUT[elems/s]=4.5819e+08
[25/108] run=1/1 N=10000 P=4096 HASH=mask PARTITION_TIME[s]=2.128e-05 THROUGHPUT[elems/s]=9.3985e+08
[26/108] run=1/1 N=10000 P=4096 HASH=xorshift PARTITION_TIME[s]=2.814e-05 THROUGHPUT[elems/s]=7.10732e+08
[27/108] run=1/1 N=10000 P=4096 HASH=fmix32fold PARTITION_TIME[s]=4.393e-05 THROUGHPUT[elems/s]=4.5527e+08
[28/108] run=1/1 N=100000 P=16 HASH=mask PARTITION_TIME[s]=0.00019211 THROUGHPUT[elems/s]=1.04107e+09
[29/108] run=1/1 N=100000 P=16 HASH=xorshift PARTITION_TIME[s]=0.00030376 THROUGHPUT[elems/s]=6.58415e+08
[30/108] run=1/1 N=100000 P=16 HASH=fmix32fold PARTITION_TIME[s]=0.00044412 THROUGHPUT[elems/s]=4.50329e+08
[31/108] run=1/1 N=100000 P=32 HASH=mask PARTITION_TIME[s]=0.00019596 THROUGHPUT[elems/s]=1.02062e+09
[32/108] run=1/1 N=100000 P=32 HASH=xorshift PARTITION_TIME[s]=0.00028214 THROUGHPUT[elems/s]=7.08868e+08
[33/108] run=1/1 N=100000 P=32 HASH=fmix32fold PARTITION_TIME[s]=0.00043191 THROUGHPUT[elems/s]=4.63059e+08
[34/108] run=1/1 N=100000 P=64 HASH=mask PARTITION_TIME[s]=0.00020514 THROUGHPUT[elems/s]=9.74944e+08
[35/108] run=1/1 N=100000 P=64 HASH=xorshift PARTITION_TIME[s]=0.00029287 THROUGHPUT[elems/s]=6.82897e+08
[36/108] run=1/1 N=100000 P=64 HASH=fmix32fold PARTITION_TIME[s]=0.00044048 THROUGHPUT[elems/s]=4.5405e+08
[37/108] run=1/1 N=100000 P=128 HASH=mask PARTITION_TIME[s]=0.00019881 THROUGHPUT[elems/s]=1.00599e+09
[38/108] run=1/1 N=100000 P=128 HASH=xorshift PARTITION_TIME[s]=0.00028212 THROUGHPUT[elems/s]=7.08918e+08
[39/108] run=1/1 N=100000 P=128 HASH=fmix32fold PARTITION_TIME[s]=0.00043156 THROUGHPUT[elems/s]=4.63435e+08
[40/108] run=1/1 N=100000 P=256 HASH=mask PARTITION_TIME[s]=0.00020166 THROUGHPUT[elems/s]=9.91768e+08
[41/108] run=1/1 N=100000 P=256 HASH=xorshift PARTITION_TIME[s]=0.00029347 THROUGHPUT[elems/s]=6.81501e+08
[42/108] run=1/1 N=100000 P=256 HASH=fmix32fold PARTITION_TIME[s]=0.00043694 THROUGHPUT[elems/s]=4.57729e+08
[43/108] run=1/1 N=100000 P=512 HASH=mask PARTITION_TIME[s]=0.00020135 THROUGHPUT[elems/s]=9.93295e+08
[44/108] run=1/1 N=100000 P=512 HASH=xorshift PARTITION_TIME[s]=0.00029222 THROUGHPUT[elems/s]=6.84416e+08
[45/108] run=1/1 N=100000 P=512 HASH=fmix32fold PARTITION_TIME[s]=0.00043633 THROUGHPUT[elems/s]=4.58369e+08
[46/108] run=1/1 N=100000 P=1024 HASH=mask PARTITION_TIME[s]=0.0002033 THROUGHPUT[elems/s]=9.83768e+08
[47/108] run=1/1 N=100000 P=1024 HASH=xorshift PARTITION_TIME[s]=0.00030118 THROUGHPUT[elems/s]=6.64055e+08
[48/108] run=1/1 N=100000 P=1024 HASH=fmix32fold PARTITION_TIME[s]=0.00043286 THROUGHPUT[elems/s]=4.62043e+08
[49/108] run=1/1 N=100000 P=2048 HASH=mask PARTITION_TIME[s]=0.00019825 THROUGHPUT[elems/s]=1.00883e+09
[50/108] run=1/1 N=100000 P=2048 HASH=xorshift PARTITION_TIME[s]=0.00029054 THROUGHPUT[elems/s]=6.88373e+08
[51/108] run=1/1 N=100000 P=2048 HASH=fmix32fold PARTITION_TIME[s]=0.00043247 THROUGHPUT[elems/s]=4.6246e+08
[52/108] run=1/1 N=100000 P=4096 HASH=mask PARTITION_TIME[s]=0.00021315 THROUGHPUT[elems/s]=9.38306e+08
[53/108] run=1/1 N=100000 P=4096 HASH=xorshift PARTITION_TIME[s]=0.00029423 THROUGHPUT[elems/s]=6.7974e+08
[54/108] run=1/1 N=100000 P=4096 HASH=fmix32fold PARTITION_TIME[s]=0.0004349 THROUGHPUT[elems/s]=4.59876e+08
[55/108] run=1/1 N=1000000 P=16 HASH=mask PARTITION_TIME[s]=0.00191044 THROUGHPUT[elems/s]=1.04688e+09
[56/108] run=1/1 N=1000000 P=16 HASH=xorshift PARTITION_TIME[s]=0.00288898 THROUGHPUT[elems/s]=6.92286e+08
[57/108] run=1/1 N=1000000 P=16 HASH=fmix32fold PARTITION_TIME[s]=0.00440039 THROUGHPUT[elems/s]=4.54505e+08
[58/108] run=1/1 N=1000000 P=32 HASH=mask PARTITION_TIME[s]=0.00188131 THROUGHPUT[elems/s]=1.06309e+09
[59/108] run=1/1 N=1000000 P=32 HASH=xorshift PARTITION_TIME[s]=0.00293735 THROUGHPUT[elems/s]=6.80886e+08
[60/108] run=1/1 N=1000000 P=32 HASH=fmix32fold PARTITION_TIME[s]=0.00439956 THROUGHPUT[elems/s]=4.54591e+08
[61/108] run=1/1 N=1000000 P=64 HASH=mask PARTITION_TIME[s]=0.00185993 THROUGHPUT[elems/s]=1.07531e+09
[62/108] run=1/1 N=1000000 P=64 HASH=xorshift PARTITION_TIME[s]=0.00295759 THROUGHPUT[elems/s]=6.76226e+08
[63/108] run=1/1 N=1000000 P=64 HASH=fmix32fold PARTITION_TIME[s]=0.00440462 THROUGHPUT[elems/s]=4.54069e+08
[64/108] run=1/1 N=1000000 P=128 HASH=mask PARTITION_TIME[s]=0.00187081 THROUGHPUT[elems/s]=1.06906e+09
[65/108] run=1/1 N=1000000 P=128 HASH=xorshift PARTITION_TIME[s]=0.00294185 THROUGHPUT[elems/s]=6.79844e+08
[66/108] run=1/1 N=1000000 P=128 HASH=fmix32fold PARTITION_TIME[s]=0.00439624 THROUGHPUT[elems/s]=4.54934e+08
[67/108] run=1/1 N=1000000 P=256 HASH=mask PARTITION_TIME[s]=0.00197121 THROUGHPUT[elems/s]=1.01461e+09
[68/108] run=1/1 N=1000000 P=256 HASH=xorshift PARTITION_TIME[s]=0.00290851 THROUGHPUT[elems/s]=6.87637e+08
[69/108] run=1/1 N=1000000 P=256 HASH=fmix32fold PARTITION_TIME[s]=0.00444888 THROUGHPUT[elems/s]=4.49551e+08
[70/108] run=1/1 N=1000000 P=512 HASH=mask PARTITION_TIME[s]=0.0018788 THROUGHPUT[elems/s]=1.06451e+09
[71/108] run=1/1 N=1000000 P=512 HASH=xorshift PARTITION_TIME[s]=0.0028906 THROUGHPUT[elems/s]=6.91898e+08
[72/108] run=1/1 N=1000000 P=512 HASH=fmix32fold PARTITION_TIME[s]=0.0044002 THROUGHPUT[elems/s]=4.54525e+08
[73/108] run=1/1 N=1000000 P=1024 HASH=mask PARTITION_TIME[s]=0.00189263 THROUGHPUT[elems/s]=1.05673e+09
[74/108] run=1/1 N=1000000 P=1024 HASH=xorshift PARTITION_TIME[s]=0.00293948 THROUGHPUT[elems/s]=6.80392e+08
[75/108] run=1/1 N=1000000 P=1024 HASH=fmix32fold PARTITION_TIME[s]=0.0043952 THROUGHPUT[elems/s]=4.55042e+08
[76/108] run=1/1 N=1000000 P=2048 HASH=mask PARTITION_TIME[s]=0.0018683 THROUGHPUT[elems/s]=1.07049e+09
[77/108] run=1/1 N=1000000 P=2048 HASH=xorshift PARTITION_TIME[s]=0.0028829 THROUGHPUT[elems/s]=6.93746e+08
[78/108] run=1/1 N=1000000 P=2048 HASH=fmix32fold PARTITION_TIME[s]=0.00442878 THROUGHPUT[elems/s]=4.51592e+08
[79/108] run=1/1 N=1000000 P=4096 HASH=mask PARTITION_TIME[s]=0.00189786 THROUGHPUT[elems/s]=1.05382e+09
[80/108] run=1/1 N=1000000 P=4096 HASH=xorshift PARTITION_TIME[s]=0.00288316 THROUGHPUT[elems/s]=6.93683e+08
[81/108] run=1/1 N=1000000 P=4096 HASH=fmix32fold PARTITION_TIME[s]=0.00440359 THROUGHPUT[elems/s]=4.54175e+08
[82/108] run=1/1 N=10000000 P=16 HASH=mask PARTITION_TIME[s]=0.0183335 THROUGHPUT[elems/s]=1.0909e+09
[83/108] run=1/1 N=10000000 P=16 HASH=xorshift PARTITION_TIME[s]=0.0293259 THROUGHPUT[elems/s]=6.8199e+08
[84/108] run=1/1 N=10000000 P=16 HASH=fmix32fold PARTITION_TIME[s]=0.0436244 THROUGHPUT[elems/s]=4.58459e+08
[85/108] run=1/1 N=10000000 P=32 HASH=mask PARTITION_TIME[s]=0.0183617 THROUGHPUT[elems/s]=1.08922e+09
[86/108] run=1/1 N=10000000 P=32 HASH=xorshift PARTITION_TIME[s]=0.0293051 THROUGHPUT[elems/s]=6.82474e+08
[87/108] run=1/1 N=10000000 P=32 HASH=fmix32fold PARTITION_TIME[s]=0.043934 THROUGHPUT[elems/s]=4.55228e+08
[88/108] run=1/1 N=10000000 P=64 HASH=mask PARTITION_TIME[s]=0.0183752 THROUGHPUT[elems/s]=1.08843e+09
[89/108] run=1/1 N=10000000 P=64 HASH=xorshift PARTITION_TIME[s]=0.0286923 THROUGHPUT[elems/s]=6.97052e+08
[90/108] run=1/1 N=10000000 P=64 HASH=fmix32fold PARTITION_TIME[s]=0.0439874 THROUGHPUT[elems/s]=4.54676e+08
[91/108] run=1/1 N=10000000 P=128 HASH=mask PARTITION_TIME[s]=0.0183907 THROUGHPUT[elems/s]=1.08751e+09
[92/108] run=1/1 N=10000000 P=128 HASH=xorshift PARTITION_TIME[s]=0.0311726 THROUGHPUT[elems/s]=6.41589e+08
[93/108] run=1/1 N=10000000 P=128 HASH=fmix32fold PARTITION_TIME[s]=0.0441597 THROUGHPUT[elems/s]=4.52902e+08
[94/108] run=1/1 N=10000000 P=256 HASH=mask PARTITION_TIME[s]=0.018301 THROUGHPUT[elems/s]=1.09283e+09
[95/108] run=1/1 N=10000000 P=256 HASH=xorshift PARTITION_TIME[s]=0.0293752 THROUGHPUT[elems/s]=6.80847e+08
[96/108] run=1/1 N=10000000 P=256 HASH=fmix32fold PARTITION_TIME[s]=0.0439529 THROUGHPUT[elems/s]=4.55033e+08
[97/108] run=1/1 N=10000000 P=512 HASH=mask PARTITION_TIME[s]=0.0184924 THROUGHPUT[elems/s]=1.08153e+09
[98/108] run=1/1 N=10000000 P=512 HASH=xorshift PARTITION_TIME[s]=0.0299164 THROUGHPUT[elems/s]=6.6853e+08
[99/108] run=1/1 N=10000000 P=512 HASH=fmix32fold PARTITION_TIME[s]=0.0441068 THROUGHPUT[elems/s]=4.53445e+08
[100/108] run=1/1 N=10000000 P=1024 HASH=mask PARTITION_TIME[s]=0.0183067 THROUGHPUT[elems/s]=1.09249e+09
[101/108] run=1/1 N=10000000 P=1024 HASH=xorshift PARTITION_TIME[s]=0.0294495 THROUGHPUT[elems/s]=6.79129e+08
[102/108] run=1/1 N=10000000 P=1024 HASH=fmix32fold PARTITION_TIME[s]=0.0441392 THROUGHPUT[elems/s]=4.53112e+08
[103/108] run=1/1 N=10000000 P=2048 HASH=mask PARTITION_TIME[s]=0.0184381 THROUGHPUT[elems/s]=1.08471e+09
[104/108] run=1/1 N=10000000 P=2048 HASH=xorshift PARTITION_TIME[s]=0.0294118 THROUGHPUT[elems/s]=6.79998e+08
[105/108] run=1/1 N=10000000 P=2048 HASH=fmix32fold PARTITION_TIME[s]=0.0439423 THROUGHPUT[elems/s]=4.55142e+08
[106/108] run=1/1 N=10000000 P=4096 HASH=mask PARTITION_TIME[s]=0.0182174 THROUGHPUT[elems/s]=1.09785e+09
[107/108] run=1/1 N=10000000 P=4096 HASH=xorshift PARTITION_TIME[s]=0.0286326 THROUGHPUT[elems/s]=6.98505e+08
[108/108] run=1/1 N=10000000 P=4096 HASH=fmix32fold PARTITION_TIME[s]=0.0439814 THROUGHPUT[elems/s]=4.54738e+08

All jobs submitted.
