[1/81] run=1/1 N=100000 P=16 HASH=mask PARTITION_TIME[s]=0.00052 THROUGHPUT[elems/s]=3.84615e+08
[2/81] run=1/1 N=100000 P=16 HASH=mul PARTITION_TIME[s]=0.00053 THROUGHPUT[elems/s]=3.77358e+08
[3/81] run=1/1 N=100000 P=16 HASH=fmix64 PARTITION_TIME[s]=0.00139 THROUGHPUT[elems/s]=1.43885e+08
[4/81] run=1/1 N=100000 P=32 HASH=mask PARTITION_TIME[s]=0.00049 THROUGHPUT[elems/s]=4.08163e+08
[5/81] run=1/1 N=100000 P=32 HASH=mul PARTITION_TIME[s]=0.00052 THROUGHPUT[elems/s]=3.84615e+08
[6/81] run=1/1 N=100000 P=32 HASH=fmix64 PARTITION_TIME[s]=0.00138 THROUGHPUT[elems/s]=1.44928e+08
[7/81] run=1/1 N=100000 P=64 HASH=mask PARTITION_TIME[s]=0.00049 THROUGHPUT[elems/s]=4.08163e+08
[8/81] run=1/1 N=100000 P=64 HASH=mul PARTITION_TIME[s]=0.00052 THROUGHPUT[elems/s]=3.84615e+08
[9/81] run=1/1 N=100000 P=64 HASH=fmix64 PARTITION_TIME[s]=0.00139 THROUGHPUT[elems/s]=1.43885e+08
[10/81] run=1/1 N=100000 P=128 HASH=mask PARTITION_TIME[s]=0.00051 THROUGHPUT[elems/s]=3.92157e+08
[11/81] run=1/1 N=100000 P=128 HASH=mul PARTITION_TIME[s]=0.00052 THROUGHPUT[elems/s]=3.84615e+08
[12/81] run=1/1 N=100000 P=128 HASH=fmix64 PARTITION_TIME[s]=0.00142 THROUGHPUT[elems/s]=1.40845e+08
[13/81] run=1/1 N=100000 P=256 HASH=mask PARTITION_TIME[s]=0.00048 THROUGHPUT[elems/s]=4.16667e+08
[14/81] run=1/1 N=100000 P=256 HASH=mul PARTITION_TIME[s]=0.00053 THROUGHPUT[elems/s]=3.77358e+08
[15/81] run=1/1 N=100000 P=256 HASH=fmix64 PARTITION_TIME[s]=0.00139 THROUGHPUT[elems/s]=1.43885e+08
[16/81] run=1/1 N=100000 P=512 HASH=mask PARTITION_TIME[s]=0.00049 THROUGHPUT[elems/s]=4.08163e+08
[17/81] run=1/1 N=100000 P=512 HASH=mul PARTITION_TIME[s]=0.00054 THROUGHPUT[elems/s]=3.7037e+08
[18/81] run=1/1 N=100000 P=512 HASH=fmix64 PARTITION_TIME[s]=0.00139 THROUGHPUT[elems/s]=1.43885e+08
[19/81] run=1/1 N=100000 P=1024 HASH=mask PARTITION_TIME[s]=0.00049 THROUGHPUT[elems/s]=4.08163e+08
[20/81] run=1/1 N=100000 P=1024 HASH=mul PARTITION_TIME[s]=0.00053 THROUGHPUT[elems/s]=3.77358e+08
[21/81] run=1/1 N=100000 P=1024 HASH=fmix64 PARTITION_TIME[s]=0.00141 THROUGHPUT[elems/s]=1.41844e+08
[22/81] run=1/1 N=100000 P=2048 HASH=mask PARTITION_TIME[s]=0.0005 THROUGHPUT[elems/s]=4e+08
[23/81] run=1/1 N=100000 P=2048 HASH=mul PARTITION_TIME[s]=0.00052 THROUGHPUT[elems/s]=3.84615e+08
[24/81] run=1/1 N=100000 P=2048 HASH=fmix64 PARTITION_TIME[s]=0.00138 THROUGHPUT[elems/s]=1.44928e+08
[25/81] run=1/1 N=100000 P=4096 HASH=mask PARTITION_TIME[s]=0.00049 THROUGHPUT[elems/s]=4.08163e+08
[26/81] run=1/1 N=100000 P=4096 HASH=mul PARTITION_TIME[s]=0.00051 THROUGHPUT[elems/s]=3.92157e+08
[27/81] run=1/1 N=100000 P=4096 HASH=fmix64 PARTITION_TIME[s]=0.00145 THROUGHPUT[elems/s]=1.37931e+08
[28/81] run=1/1 N=1000000 P=16 HASH=mask PARTITION_TIME[s]=0.00549 THROUGHPUT[elems/s]=3.64299e+08
[29/81] run=1/1 N=1000000 P=16 HASH=mul PARTITION_TIME[s]=0.00587 THROUGHPUT[elems/s]=3.40716e+08
[30/81] run=1/1 N=1000000 P=16 HASH=fmix64 PARTITION_TIME[s]=0.01425 THROUGHPUT[elems/s]=1.40351e+08
[31/81] run=1/1 N=1000000 P=32 HASH=mask PARTITION_TIME[s]=0.00541 THROUGHPUT[elems/s]=3.69686e+08
[32/81] run=1/1 N=1000000 P=32 HASH=mul PARTITION_TIME[s]=0.0059 THROUGHPUT[elems/s]=3.38983e+08
[33/81] run=1/1 N=1000000 P=32 HASH=fmix64 PARTITION_TIME[s]=0.01427 THROUGHPUT[elems/s]=1.40154e+08
[34/81] run=1/1 N=1000000 P=64 HASH=mask PARTITION_TIME[s]=0.00538 THROUGHPUT[elems/s]=3.71747e+08
[35/81] run=1/1 N=1000000 P=64 HASH=mul PARTITION_TIME[s]=0.00584 THROUGHPUT[elems/s]=3.42466e+08
[36/81] run=1/1 N=1000000 P=64 HASH=fmix64 PARTITION_TIME[s]=0.01423 THROUGHPUT[elems/s]=1.40548e+08
[37/81] run=1/1 N=1000000 P=128 HASH=mask PARTITION_TIME[s]=0.00547 THROUGHPUT[elems/s]=3.65631e+08
[38/81] run=1/1 N=1000000 P=128 HASH=mul PARTITION_TIME[s]=0.00612 THROUGHPUT[elems/s]=3.26797e+08
[39/81] run=1/1 N=1000000 P=128 HASH=fmix64 PARTITION_TIME[s]=0.01451 THROUGHPUT[elems/s]=1.37836e+08
[40/81] run=1/1 N=1000000 P=256 HASH=mask PARTITION_TIME[s]=0.00543 THROUGHPUT[elems/s]=3.68324e+08
[41/81] run=1/1 N=1000000 P=256 HASH=mul PARTITION_TIME[s]=0.00598 THROUGHPUT[elems/s]=3.34448e+08
[42/81] run=1/1 N=1000000 P=256 HASH=fmix64 PARTITION_TIME[s]=0.01428 THROUGHPUT[elems/s]=1.40056e+08
[43/81] run=1/1 N=1000000 P=512 HASH=mask PARTITION_TIME[s]=0.00543 THROUGHPUT[elems/s]=3.68324e+08
[44/81] run=1/1 N=1000000 P=512 HASH=mul PARTITION_TIME[s]=0.00576 THROUGHPUT[elems/s]=3.47222e+08
[45/81] run=1/1 N=1000000 P=512 HASH=fmix64 PARTITION_TIME[s]=0.01428 THROUGHPUT[elems/s]=1.40056e+08
[46/81] run=1/1 N=1000000 P=1024 HASH=mask PARTITION_TIME[s]=0.00547 THROUGHPUT[elems/s]=3.65631e+08
[47/81] run=1/1 N=1000000 P=1024 HASH=mul PARTITION_TIME[s]=0.00586 THROUGHPUT[elems/s]=3.41297e+08
[48/81] run=1/1 N=1000000 P=1024 HASH=fmix64 PARTITION_TIME[s]=0.01433 THROUGHPUT[elems/s]=1.39567e+08
[49/81] run=1/1 N=1000000 P=2048 HASH=mask PARTITION_TIME[s]=0.00549 THROUGHPUT[elems/s]=3.64299e+08
[50/81] run=1/1 N=1000000 P=2048 HASH=mul PARTITION_TIME[s]=0.00595 THROUGHPUT[elems/s]=3.36134e+08
[51/81] run=1/1 N=1000000 P=2048 HASH=fmix64 PARTITION_TIME[s]=0.01421 THROUGHPUT[elems/s]=1.40746e+08
[52/81] run=1/1 N=1000000 P=4096 HASH=mask PARTITION_TIME[s]=0.00544 THROUGHPUT[elems/s]=3.67647e+08
[53/81] run=1/1 N=1000000 P=4096 HASH=mul PARTITION_TIME[s]=0.00582 THROUGHPUT[elems/s]=3.43643e+08
[54/81] run=1/1 N=1000000 P=4096 HASH=fmix64 PARTITION_TIME[s]=0.01429 THROUGHPUT[elems/s]=1.39958e+08
[55/81] run=1/1 N=10000000 P=16 HASH=mask PARTITION_TIME[s]=0.05509 THROUGHPUT[elems/s]=3.63042e+08
[56/81] run=1/1 N=10000000 P=16 HASH=mul PARTITION_TIME[s]=0.05997 THROUGHPUT[elems/s]=3.335e+08
[57/81] run=1/1 N=10000000 P=16 HASH=fmix64 PARTITION_TIME[s]=0.14809 THROUGHPUT[elems/s]=1.35053e+08
[58/81] run=1/1 N=10000000 P=32 HASH=mask PARTITION_TIME[s]=0.05529 THROUGHPUT[elems/s]=3.61729e+08
[59/81] run=1/1 N=10000000 P=32 HASH=mul PARTITION_TIME[s]=0.06003 THROUGHPUT[elems/s]=3.33167e+08
[60/81] run=1/1 N=10000000 P=32 HASH=fmix64 PARTITION_TIME[s]=0.14261 THROUGHPUT[elems/s]=1.40243e+08
[61/81] run=1/1 N=10000000 P=64 HASH=mask PARTITION_TIME[s]=0.05539 THROUGHPUT[elems/s]=3.61076e+08
[62/81] run=1/1 N=10000000 P=64 HASH=mul PARTITION_TIME[s]=0.05996 THROUGHPUT[elems/s]=3.33556e+08
[63/81] run=1/1 N=10000000 P=64 HASH=fmix64 PARTITION_TIME[s]=0.14309 THROUGHPUT[elems/s]=1.39772e+08
[64/81] run=1/1 N=10000000 P=128 HASH=mask PARTITION_TIME[s]=0.05508 THROUGHPUT[elems/s]=3.63108e+08
[65/81] run=1/1 N=10000000 P=128 HASH=mul PARTITION_TIME[s]=0.06024 THROUGHPUT[elems/s]=3.32005e+08
[66/81] run=1/1 N=10000000 P=128 HASH=fmix64 PARTITION_TIME[s]=0.14292 THROUGHPUT[elems/s]=1.39938e+08
[67/81] run=1/1 N=10000000 P=256 HASH=mask PARTITION_TIME[s]=0.05524 THROUGHPUT[elems/s]=3.62056e+08
[68/81] run=1/1 N=10000000 P=256 HASH=mul PARTITION_TIME[s]=0.06009 THROUGHPUT[elems/s]=3.32834e+08
[69/81] run=1/1 N=10000000 P=256 HASH=fmix64 PARTITION_TIME[s]=0.1428 THROUGHPUT[elems/s]=1.40056e+08
[70/81] run=1/1 N=10000000 P=512 HASH=mask PARTITION_TIME[s]=0.05508 THROUGHPUT[elems/s]=3.63108e+08
[71/81] run=1/1 N=10000000 P=512 HASH=mul PARTITION_TIME[s]=0.05942 THROUGHPUT[elems/s]=3.36587e+08
[72/81] run=1/1 N=10000000 P=512 HASH=fmix64 PARTITION_TIME[s]=0.14268 THROUGHPUT[elems/s]=1.40174e+08
[73/81] run=1/1 N=10000000 P=1024 HASH=mask PARTITION_TIME[s]=0.05504 THROUGHPUT[elems/s]=3.63372e+08
[74/81] run=1/1 N=10000000 P=1024 HASH=mul PARTITION_TIME[s]=0.05948 THROUGHPUT[elems/s]=3.36247e+08
[75/81] run=1/1 N=10000000 P=1024 HASH=fmix64 PARTITION_TIME[s]=0.14299 THROUGHPUT[elems/s]=1.3987e+08
[76/81] run=1/1 N=10000000 P=2048 HASH=mask PARTITION_TIME[s]=0.05477 THROUGHPUT[elems/s]=3.65163e+08
[77/81] run=1/1 N=10000000 P=2048 HASH=mul PARTITION_TIME[s]=0.05932 THROUGHPUT[elems/s]=3.37154e+08
[78/81] run=1/1 N=10000000 P=2048 HASH=fmix64 PARTITION_TIME[s]=0.14261 THROUGHPUT[elems/s]=1.40243e+08
[79/81] run=1/1 N=10000000 P=4096 HASH=mask PARTITION_TIME[s]=0.05513 THROUGHPUT[elems/s]=3.62779e+08
[80/81] run=1/1 N=10000000 P=4096 HASH=mul PARTITION_TIME[s]=0.05934 THROUGHPUT[elems/s]=3.37041e+08
[81/81] run=1/1 N=10000000 P=4096 HASH=fmix64 PARTITION_TIME[s]=0.14297 THROUGHPUT[elems/s]=1.39889e+08

All jobs submitted.
