[1/54] run=1/1 N=100000 P=16 HASH=mask PARTITION_TIME[s]=0.00027 THROUGHPUT[elems/s]=7.40741e+08
[2/54] run=1/1 N=100000 P=16 HASH=mul PARTITION_TIME[s]=0.00046 THROUGHPUT[elems/s]=4.34783e+08
[3/54] run=1/1 N=100000 P=32 HASH=mask PARTITION_TIME[s]=0.00025 THROUGHPUT[elems/s]=8e+08
[4/54] run=1/1 N=100000 P=32 HASH=mul PARTITION_TIME[s]=0.00047 THROUGHPUT[elems/s]=4.25532e+08
[5/54] run=1/1 N=100000 P=64 HASH=mask PARTITION_TIME[s]=0.00024 THROUGHPUT[elems/s]=8.33333e+08
[6/54] run=1/1 N=100000 P=64 HASH=mul PARTITION_TIME[s]=0.00046 THROUGHPUT[elems/s]=4.34783e+08
[7/54] run=1/1 N=100000 P=128 HASH=mask PARTITION_TIME[s]=0.00027 THROUGHPUT[elems/s]=7.40741e+08
[8/54] run=1/1 N=100000 P=128 HASH=mul PARTITION_TIME[s]=0.00044 THROUGHPUT[elems/s]=4.54545e+08
[9/54] run=1/1 N=100000 P=256 HASH=mask PARTITION_TIME[s]=0.00024 THROUGHPUT[elems/s]=8.33333e+08
[10/54] run=1/1 N=100000 P=256 HASH=mul PARTITION_TIME[s]=0.00047 THROUGHPUT[elems/s]=4.25532e+08
[11/54] run=1/1 N=100000 P=512 HASH=mask PARTITION_TIME[s]=0.00024 THROUGHPUT[elems/s]=8.33333e+08
[12/54] run=1/1 N=100000 P=512 HASH=mul PARTITION_TIME[s]=0.00046 THROUGHPUT[elems/s]=4.34783e+08
[13/54] run=1/1 N=100000 P=1024 HASH=mask PARTITION_TIME[s]=0.00027 THROUGHPUT[elems/s]=7.40741e+08
[14/54] run=1/1 N=100000 P=1024 HASH=mul PARTITION_TIME[s]=0.00047 THROUGHPUT[elems/s]=4.25532e+08
[15/54] run=1/1 N=100000 P=2048 HASH=mask PARTITION_TIME[s]=0.00025 THROUGHPUT[elems/s]=8e+08
[16/54] run=1/1 N=100000 P=2048 HASH=mul PARTITION_TIME[s]=0.00048 THROUGHPUT[elems/s]=4.16667e+08
[17/54] run=1/1 N=100000 P=4096 HASH=mask PARTITION_TIME[s]=0.00028 THROUGHPUT[elems/s]=7.14286e+08
[18/54] run=1/1 N=100000 P=4096 HASH=mul PARTITION_TIME[s]=0.0005 THROUGHPUT[elems/s]=4e+08
[19/54] run=1/1 N=1000000 P=16 HASH=mask PARTITION_TIME[s]=0.00255 THROUGHPUT[elems/s]=7.84314e+08
[20/54] run=1/1 N=1000000 P=16 HASH=mul PARTITION_TIME[s]=0.00468 THROUGHPUT[elems/s]=4.2735e+08
[21/54] run=1/1 N=1000000 P=32 HASH=mask PARTITION_TIME[s]=0.00261 THROUGHPUT[elems/s]=7.66284e+08
[22/54] run=1/1 N=1000000 P=32 HASH=mul PARTITION_TIME[s]=0.00469 THROUGHPUT[elems/s]=4.26439e+08
[23/54] run=1/1 N=1000000 P=64 HASH=mask PARTITION_TIME[s]=0.00253 THROUGHPUT[elems/s]=7.90514e+08
[24/54] run=1/1 N=1000000 P=64 HASH=mul PARTITION_TIME[s]=0.00469 THROUGHPUT[elems/s]=4.26439e+08
[25/54] run=1/1 N=1000000 P=128 HASH=mask PARTITION_TIME[s]=0.00251 THROUGHPUT[elems/s]=7.96813e+08
[26/54] run=1/1 N=1000000 P=128 HASH=mul PARTITION_TIME[s]=0.00468 THROUGHPUT[elems/s]=4.2735e+08
[27/54] run=1/1 N=1000000 P=256 HASH=mask PARTITION_TIME[s]=0.00252 THROUGHPUT[elems/s]=7.93651e+08
[28/54] run=1/1 N=1000000 P=256 HASH=mul PARTITION_TIME[s]=0.0047 THROUGHPUT[elems/s]=4.25532e+08
[29/54] run=1/1 N=1000000 P=512 HASH=mask PARTITION_TIME[s]=0.00265 THROUGHPUT[elems/s]=7.54717e+08
[30/54] run=1/1 N=1000000 P=512 HASH=mul PARTITION_TIME[s]=0.00463 THROUGHPUT[elems/s]=4.31965e+08
[31/54] run=1/1 N=1000000 P=1024 HASH=mask PARTITION_TIME[s]=0.00253 THROUGHPUT[elems/s]=7.90514e+08
[32/54] run=1/1 N=1000000 P=1024 HASH=mul PARTITION_TIME[s]=0.00463 THROUGHPUT[elems/s]=4.31965e+08
[33/54] run=1/1 N=1000000 P=2048 HASH=mask PARTITION_TIME[s]=0.00268 THROUGHPUT[elems/s]=7.46269e+08
[34/54] run=1/1 N=1000000 P=2048 HASH=mul PARTITION_TIME[s]=0.00467 THROUGHPUT[elems/s]=4.28266e+08
[35/54] run=1/1 N=1000000 P=4096 HASH=mask PARTITION_TIME[s]=0.00249 THROUGHPUT[elems/s]=8.03213e+08
[36/54] run=1/1 N=1000000 P=4096 HASH=mul PARTITION_TIME[s]=0.00467 THROUGHPUT[elems/s]=4.28266e+08
[37/54] run=1/1 N=10000000 P=16 HASH=mask PARTITION_TIME[s]=0.02503 THROUGHPUT[elems/s]=7.99041e+08
[38/54] run=1/1 N=10000000 P=16 HASH=mul PARTITION_TIME[s]=0.04669 THROUGHPUT[elems/s]=4.28357e+08
[39/54] run=1/1 N=10000000 P=32 HASH=mask PARTITION_TIME[s]=0.02493 THROUGHPUT[elems/s]=8.02246e+08
[40/54] run=1/1 N=10000000 P=32 HASH=mul PARTITION_TIME[s]=0.04674 THROUGHPUT[elems/s]=4.27899e+08
[41/54] run=1/1 N=10000000 P=64 HASH=mask PARTITION_TIME[s]=0.02498 THROUGHPUT[elems/s]=8.00641e+08
[42/54] run=1/1 N=10000000 P=64 HASH=mul PARTITION_TIME[s]=0.047 THROUGHPUT[elems/s]=4.25532e+08
[43/54] run=1/1 N=10000000 P=128 HASH=mask PARTITION_TIME[s]=0.02692 THROUGHPUT[elems/s]=7.42942e+08
[44/54] run=1/1 N=10000000 P=128 HASH=mul PARTITION_TIME[s]=0.04702 THROUGHPUT[elems/s]=4.25351e+08
[45/54] run=1/1 N=10000000 P=256 HASH=mask PARTITION_TIME[s]=0.02464 THROUGHPUT[elems/s]=8.11688e+08
[46/54] run=1/1 N=10000000 P=256 HASH=mul PARTITION_TIME[s]=0.04688 THROUGHPUT[elems/s]=4.26621e+08
[47/54] run=1/1 N=10000000 P=512 HASH=mask PARTITION_TIME[s]=0.0251 THROUGHPUT[elems/s]=7.96813e+08
[48/54] run=1/1 N=10000000 P=512 HASH=mul PARTITION_TIME[s]=0.04695 THROUGHPUT[elems/s]=4.25985e+08
[49/54] run=1/1 N=10000000 P=1024 HASH=mask PARTITION_TIME[s]=0.02484 THROUGHPUT[elems/s]=8.05153e+08
[50/54] run=1/1 N=10000000 P=1024 HASH=mul PARTITION_TIME[s]=0.04717 THROUGHPUT[elems/s]=4.23998e+08
[51/54] run=1/1 N=10000000 P=2048 HASH=mask PARTITION_TIME[s]=0.02503 THROUGHPUT[elems/s]=7.99041e+08
[52/54] run=1/1 N=10000000 P=2048 HASH=mul PARTITION_TIME[s]=0.04688 THROUGHPUT[elems/s]=4.26621e+08
[53/54] run=1/1 N=10000000 P=4096 HASH=mask PARTITION_TIME[s]=0.02603 THROUGHPUT[elems/s]=7.68344e+08
[54/54] run=1/1 N=10000000 P=4096 HASH=mul PARTITION_TIME[s]=0.04678 THROUGHPUT[elems/s]=4.27533e+08

All jobs submitted.
