[1/81] run=1/1 N=100000 P=16 HASH=mask PARTITION_TIME[s]=0.00053 THROUGHPUT[elems/s]=3.77358e+08
[2/81] run=1/1 N=100000 P=16 HASH=mul PARTITION_TIME[s]=0.00018 THROUGHPUT[elems/s]=1.11111e+09
[3/81] run=1/1 N=100000 P=16 HASH=fmix64 PARTITION_TIME[s]=0.00039 THROUGHPUT[elems/s]=5.12821e+08
[4/81] run=1/1 N=100000 P=32 HASH=mask PARTITION_TIME[s]=0.00049 THROUGHPUT[elems/s]=4.08163e+08
[5/81] run=1/1 N=100000 P=32 HASH=mul PARTITION_TIME[s]=0.00019 THROUGHPUT[elems/s]=1.05263e+09
[6/81] run=1/1 N=100000 P=32 HASH=fmix64 PARTITION_TIME[s]=0.00037 THROUGHPUT[elems/s]=5.40541e+08
[7/81] run=1/1 N=100000 P=64 HASH=mask PARTITION_TIME[s]=0.00049 THROUGHPUT[elems/s]=4.08163e+08
[8/81] run=1/1 N=100000 P=64 HASH=mul PARTITION_TIME[s]=0.00019 THROUGHPUT[elems/s]=1.05263e+09
[9/81] run=1/1 N=100000 P=64 HASH=fmix64 PARTITION_TIME[s]=0.00036 THROUGHPUT[elems/s]=5.55556e+08
[10/81] run=1/1 N=100000 P=128 HASH=mask PARTITION_TIME[s]=0.00049 THROUGHPUT[elems/s]=4.08163e+08
[11/81] run=1/1 N=100000 P=128 HASH=mul PARTITION_TIME[s]=0.00021 THROUGHPUT[elems/s]=9.52381e+08
[12/81] run=1/1 N=100000 P=128 HASH=fmix64 PARTITION_TIME[s]=0.00037 THROUGHPUT[elems/s]=5.40541e+08
[13/81] run=1/1 N=100000 P=256 HASH=mask PARTITION_TIME[s]=0.00048 THROUGHPUT[elems/s]=4.16667e+08
[14/81] run=1/1 N=100000 P=256 HASH=mul PARTITION_TIME[s]=0.0002 THROUGHPUT[elems/s]=1e+09
[15/81] run=1/1 N=100000 P=256 HASH=fmix64 PARTITION_TIME[s]=0.00037 THROUGHPUT[elems/s]=5.40541e+08
[16/81] run=1/1 N=100000 P=512 HASH=mask PARTITION_TIME[s]=0.00049 THROUGHPUT[elems/s]=4.08163e+08
[17/81] run=1/1 N=100000 P=512 HASH=mul PARTITION_TIME[s]=0.0002 THROUGHPUT[elems/s]=1e+09
[18/81] run=1/1 N=100000 P=512 HASH=fmix64 PARTITION_TIME[s]=0.00038 THROUGHPUT[elems/s]=5.26316e+08
[19/81] run=1/1 N=100000 P=1024 HASH=mask PARTITION_TIME[s]=0.00049 THROUGHPUT[elems/s]=4.08163e+08
[20/81] run=1/1 N=100000 P=1024 HASH=mul PARTITION_TIME[s]=0.0002 THROUGHPUT[elems/s]=1e+09
[21/81] run=1/1 N=100000 P=1024 HASH=fmix64 PARTITION_TIME[s]=0.00037 THROUGHPUT[elems/s]=5.40541e+08
[22/81] run=1/1 N=100000 P=2048 HASH=mask PARTITION_TIME[s]=0.00049 THROUGHPUT[elems/s]=4.08163e+08
[23/81] run=1/1 N=100000 P=2048 HASH=mul PARTITION_TIME[s]=0.00019 THROUGHPUT[elems/s]=1.05263e+09
[24/81] run=1/1 N=100000 P=2048 HASH=fmix64 PARTITION_TIME[s]=0.00037 THROUGHPUT[elems/s]=5.40541e+08
[25/81] run=1/1 N=100000 P=4096 HASH=mask PARTITION_TIME[s]=0.00049 THROUGHPUT[elems/s]=4.08163e+08
[26/81] run=1/1 N=100000 P=4096 HASH=mul PARTITION_TIME[s]=0.0002 THROUGHPUT[elems/s]=1e+09
[27/81] run=1/1 N=100000 P=4096 HASH=fmix64 PARTITION_TIME[s]=0.00037 THROUGHPUT[elems/s]=5.40541e+08
[28/81] run=1/1 N=1000000 P=16 HASH=mask PARTITION_TIME[s]=0.00546 THROUGHPUT[elems/s]=3.663e+08
[29/81] run=1/1 N=1000000 P=16 HASH=mul PARTITION_TIME[s]=0.00196 THROUGHPUT[elems/s]=1.02041e+09
[30/81] run=1/1 N=1000000 P=16 HASH=fmix64 PARTITION_TIME[s]=0.0038 THROUGHPUT[elems/s]=5.26316e+08
[31/81] run=1/1 N=1000000 P=32 HASH=mask PARTITION_TIME[s]=0.00538 THROUGHPUT[elems/s]=3.71747e+08
[32/81] run=1/1 N=1000000 P=32 HASH=mul PARTITION_TIME[s]=0.00193 THROUGHPUT[elems/s]=1.03627e+09
[33/81] run=1/1 N=1000000 P=32 HASH=fmix64 PARTITION_TIME[s]=0.00378 THROUGHPUT[elems/s]=5.29101e+08
[34/81] run=1/1 N=1000000 P=64 HASH=mask PARTITION_TIME[s]=0.00538 THROUGHPUT[elems/s]=3.71747e+08
[35/81] run=1/1 N=1000000 P=64 HASH=mul PARTITION_TIME[s]=0.00193 THROUGHPUT[elems/s]=1.03627e+09
[36/81] run=1/1 N=1000000 P=64 HASH=fmix64 PARTITION_TIME[s]=0.00381 THROUGHPUT[elems/s]=5.24934e+08
[37/81] run=1/1 N=1000000 P=128 HASH=mask PARTITION_TIME[s]=0.00545 THROUGHPUT[elems/s]=3.66972e+08
[38/81] run=1/1 N=1000000 P=128 HASH=mul PARTITION_TIME[s]=0.00187 THROUGHPUT[elems/s]=1.06952e+09
[39/81] run=1/1 N=1000000 P=128 HASH=fmix64 PARTITION_TIME[s]=0.0038 THROUGHPUT[elems/s]=5.26316e+08
[40/81] run=1/1 N=1000000 P=256 HASH=mask PARTITION_TIME[s]=0.00547 THROUGHPUT[elems/s]=3.65631e+08
[41/81] run=1/1 N=1000000 P=256 HASH=mul PARTITION_TIME[s]=0.0019 THROUGHPUT[elems/s]=1.05263e+09
[42/81] run=1/1 N=1000000 P=256 HASH=fmix64 PARTITION_TIME[s]=0.00383 THROUGHPUT[elems/s]=5.22193e+08
[43/81] run=1/1 N=1000000 P=512 HASH=mask PARTITION_TIME[s]=0.00536 THROUGHPUT[elems/s]=3.73134e+08
[44/81] run=1/1 N=1000000 P=512 HASH=mul PARTITION_TIME[s]=0.00197 THROUGHPUT[elems/s]=1.01523e+09
[45/81] run=1/1 N=1000000 P=512 HASH=fmix64 PARTITION_TIME[s]=0.0038 THROUGHPUT[elems/s]=5.26316e+08
[46/81] run=1/1 N=1000000 P=1024 HASH=mask PARTITION_TIME[s]=0.0054 THROUGHPUT[elems/s]=3.7037e+08
[47/81] run=1/1 N=1000000 P=1024 HASH=mul PARTITION_TIME[s]=0.00191 THROUGHPUT[elems/s]=1.04712e+09
[48/81] run=1/1 N=1000000 P=1024 HASH=fmix64 PARTITION_TIME[s]=0.00379 THROUGHPUT[elems/s]=5.27704e+08
[49/81] run=1/1 N=1000000 P=2048 HASH=mask PARTITION_TIME[s]=0.00543 THROUGHPUT[elems/s]=3.68324e+08
[50/81] run=1/1 N=1000000 P=2048 HASH=mul PARTITION_TIME[s]=0.0019 THROUGHPUT[elems/s]=1.05263e+09
[51/81] run=1/1 N=1000000 P=2048 HASH=fmix64 PARTITION_TIME[s]=0.00378 THROUGHPUT[elems/s]=5.29101e+08
[52/81] run=1/1 N=1000000 P=4096 HASH=mask PARTITION_TIME[s]=0.00542 THROUGHPUT[elems/s]=3.69004e+08
[53/81] run=1/1 N=1000000 P=4096 HASH=mul PARTITION_TIME[s]=0.00192 THROUGHPUT[elems/s]=1.04167e+09
[54/81] run=1/1 N=1000000 P=4096 HASH=fmix64 PARTITION_TIME[s]=0.0038 THROUGHPUT[elems/s]=5.26316e+08
[55/81] run=1/1 N=10000000 P=16 HASH=mask PARTITION_TIME[s]=0.05442 THROUGHPUT[elems/s]=3.67512e+08
[56/81] run=1/1 N=10000000 P=16 HASH=mul PARTITION_TIME[s]=0.01861 THROUGHPUT[elems/s]=1.07469e+09
[57/81] run=1/1 N=10000000 P=16 HASH=fmix64 PARTITION_TIME[s]=0.03772 THROUGHPUT[elems/s]=5.30223e+08
[58/81] run=1/1 N=10000000 P=32 HASH=mask PARTITION_TIME[s]=0.05517 THROUGHPUT[elems/s]=3.62516e+08
[59/81] run=1/1 N=10000000 P=32 HASH=mul PARTITION_TIME[s]=0.01877 THROUGHPUT[elems/s]=1.06553e+09
[60/81] run=1/1 N=10000000 P=32 HASH=fmix64 PARTITION_TIME[s]=0.03782 THROUGHPUT[elems/s]=5.28821e+08
[61/81] run=1/1 N=10000000 P=64 HASH=mask PARTITION_TIME[s]=0.05498 THROUGHPUT[elems/s]=3.63769e+08
[62/81] run=1/1 N=10000000 P=64 HASH=mul PARTITION_TIME[s]=0.01859 THROUGHPUT[elems/s]=1.07585e+09
[63/81] run=1/1 N=10000000 P=64 HASH=fmix64 PARTITION_TIME[s]=0.0373 THROUGHPUT[elems/s]=5.36193e+08
[64/81] run=1/1 N=10000000 P=128 HASH=mask PARTITION_TIME[s]=0.05518 THROUGHPUT[elems/s]=3.6245e+08
[65/81] run=1/1 N=10000000 P=128 HASH=mul PARTITION_TIME[s]=0.01865 THROUGHPUT[elems/s]=1.07239e+09
[66/81] run=1/1 N=10000000 P=128 HASH=fmix64 PARTITION_TIME[s]=0.0373 THROUGHPUT[elems/s]=5.36193e+08
[67/81] run=1/1 N=10000000 P=256 HASH=mask PARTITION_TIME[s]=0.05424 THROUGHPUT[elems/s]=3.68732e+08
[68/81] run=1/1 N=10000000 P=256 HASH=mul PARTITION_TIME[s]=0.01873 THROUGHPUT[elems/s]=1.06781e+09
[69/81] run=1/1 N=10000000 P=256 HASH=fmix64 PARTITION_TIME[s]=0.03774 THROUGHPUT[elems/s]=5.29942e+08
[70/81] run=1/1 N=10000000 P=512 HASH=mask PARTITION_TIME[s]=0.05479 THROUGHPUT[elems/s]=3.6503e+08
[71/81] run=1/1 N=10000000 P=512 HASH=mul PARTITION_TIME[s]=0.01874 THROUGHPUT[elems/s]=1.06724e+09
[72/81] run=1/1 N=10000000 P=512 HASH=fmix64 PARTITION_TIME[s]=0.03772 THROUGHPUT[elems/s]=5.30223e+08
[73/81] run=1/1 N=10000000 P=1024 HASH=mask PARTITION_TIME[s]=0.05518 THROUGHPUT[elems/s]=3.6245e+08
[74/81] run=1/1 N=10000000 P=1024 HASH=mul PARTITION_TIME[s]=0.01878 THROUGHPUT[elems/s]=1.06496e+09
[75/81] run=1/1 N=10000000 P=1024 HASH=fmix64 PARTITION_TIME[s]=0.03752 THROUGHPUT[elems/s]=5.33049e+08
[76/81] run=1/1 N=10000000 P=2048 HASH=mask PARTITION_TIME[s]=0.05512 THROUGHPUT[elems/s]=3.62845e+08
[77/81] run=1/1 N=10000000 P=2048 HASH=mul PARTITION_TIME[s]=0.0186 THROUGHPUT[elems/s]=1.07527e+09
[78/81] run=1/1 N=10000000 P=2048 HASH=fmix64 PARTITION_TIME[s]=0.03755 THROUGHPUT[elems/s]=5.32623e+08
[79/81] run=1/1 N=10000000 P=4096 HASH=mask PARTITION_TIME[s]=0.05479 THROUGHPUT[elems/s]=3.6503e+08
[80/81] run=1/1 N=10000000 P=4096 HASH=mul PARTITION_TIME[s]=0.01877 THROUGHPUT[elems/s]=1.06553e+09
[81/81] run=1/1 N=10000000 P=4096 HASH=fmix64 PARTITION_TIME[s]=0.03776 THROUGHPUT[elems/s]=5.29661e+08

All jobs submitted.
