[1/108] run=1/1 N=10000 P=16 HASH=mask PARTITION_TIME[s]=2e-05 THROUGHPUT[elems/s]=1e+09
[2/108] run=1/1 N=10000 P=16 HASH=xorshift PARTITION_TIME[s]=2e-05 THROUGHPUT[elems/s]=1e+09
[3/108] run=1/1 N=10000 P=16 HASH=fmix32fold PARTITION_TIME[s]=4e-05 THROUGHPUT[elems/s]=5e+08
[4/108] run=1/1 N=10000 P=32 HASH=mask PARTITION_TIME[s]=2e-05 THROUGHPUT[elems/s]=1e+09
[5/108] run=1/1 N=10000 P=32 HASH=xorshift PARTITION_TIME[s]=2e-05 THROUGHPUT[elems/s]=1e+09
[6/108] run=1/1 N=10000 P=32 HASH=fmix32fold PARTITION_TIME[s]=4e-05 THROUGHPUT[elems/s]=5e+08
[7/108] run=1/1 N=10000 P=64 HASH=mask PARTITION_TIME[s]=2e-05 THROUGHPUT[elems/s]=1e+09
[8/108] run=1/1 N=10000 P=64 HASH=xorshift PARTITION_TIME[s]=2e-05 THROUGHPUT[elems/s]=1e+09
[9/108] run=1/1 N=10000 P=64 HASH=fmix32fold PARTITION_TIME[s]=4e-05 THROUGHPUT[elems/s]=5e+08
[10/108] run=1/1 N=10000 P=128 HASH=mask PARTITION_TIME[s]=2e-05 THROUGHPUT[elems/s]=1e+09
[11/108] run=1/1 N=10000 P=128 HASH=xorshift PARTITION_TIME[s]=3e-05 THROUGHPUT[elems/s]=6.66667e+08
[12/108] run=1/1 N=10000 P=128 HASH=fmix32fold PARTITION_TIME[s]=4e-05 THROUGHPUT[elems/s]=5e+08
[13/108] run=1/1 N=10000 P=256 HASH=mask PARTITION_TIME[s]=2e-05 THROUGHPUT[elems/s]=1e+09
[14/108] run=1/1 N=10000 P=256 HASH=xorshift PARTITION_TIME[s]=2e-05 THROUGHPUT[elems/s]=1e+09
[15/108] run=1/1 N=10000 P=256 HASH=fmix32fold PARTITION_TIME[s]=4e-05 THROUGHPUT[elems/s]=5e+08
[16/108] run=1/1 N=10000 P=512 HASH=mask PARTITION_TIME[s]=2e-05 THROUGHPUT[elems/s]=1e+09
[17/108] run=1/1 N=10000 P=512 HASH=xorshift PARTITION_TIME[s]=2e-05 THROUGHPUT[elems/s]=1e+09
[18/108] run=1/1 N=10000 P=512 HASH=fmix32fold PARTITION_TIME[s]=4e-05 THROUGHPUT[elems/s]=5e+08
[19/108] run=1/1 N=10000 P=1024 HASH=mask PARTITION_TIME[s]=2e-05 THROUGHPUT[elems/s]=1e+09
[20/108] run=1/1 N=10000 P=1024 HASH=xorshift PARTITION_TIME[s]=2e-05 THROUGHPUT[elems/s]=1e+09
[21/108] run=1/1 N=10000 P=1024 HASH=fmix32fold PARTITION_TIME[s]=4e-05 THROUGHPUT[elems/s]=5e+08
[22/108] run=1/1 N=10000 P=2048 HASH=mask PARTITION_TIME[s]=2e-05 THROUGHPUT[elems/s]=1e+09
[23/108] run=1/1 N=10000 P=2048 HASH=xorshift PARTITION_TIME[s]=2e-05 THROUGHPUT[elems/s]=1e+09
[24/108] run=1/1 N=10000 P=2048 HASH=fmix32fold PARTITION_TIME[s]=4e-05 THROUGHPUT[elems/s]=5e+08
[25/108] run=1/1 N=10000 P=4096 HASH=mask PARTITION_TIME[s]=2e-05 THROUGHPUT[elems/s]=1e+09
[26/108] run=1/1 N=10000 P=4096 HASH=xorshift PARTITION_TIME[s]=2e-05 THROUGHPUT[elems/s]=1e+09
[27/108] run=1/1 N=10000 P=4096 HASH=fmix32fold PARTITION_TIME[s]=4e-05 THROUGHPUT[elems/s]=5e+08
[28/108] run=1/1 N=100000 P=16 HASH=mask PARTITION_TIME[s]=0.00022 THROUGHPUT[elems/s]=9.09091e+08
[29/108] run=1/1 N=100000 P=16 HASH=xorshift PARTITION_TIME[s]=0.00029 THROUGHPUT[elems/s]=6.89655e+08
[30/108] run=1/1 N=100000 P=16 HASH=fmix32fold PARTITION_TIME[s]=0.00043 THROUGHPUT[elems/s]=4.65116e+08
[31/108] run=1/1 N=100000 P=32 HASH=mask PARTITION_TIME[s]=0.00019 THROUGHPUT[elems/s]=1.05263e+09
[32/108] run=1/1 N=100000 P=32 HASH=xorshift PARTITION_TIME[s]=0.0003 THROUGHPUT[elems/s]=6.66667e+08
[33/108] run=1/1 N=100000 P=32 HASH=fmix32fold PARTITION_TIME[s]=0.00044 THROUGHPUT[elems/s]=4.54545e+08
[34/108] run=1/1 N=100000 P=64 HASH=mask PARTITION_TIME[s]=0.0002 THROUGHPUT[elems/s]=1e+09
[35/108] run=1/1 N=100000 P=64 HASH=xorshift PARTITION_TIME[s]=0.00028 THROUGHPUT[elems/s]=7.14286e+08
[36/108] run=1/1 N=100000 P=64 HASH=fmix32fold PARTITION_TIME[s]=0.00044 THROUGHPUT[elems/s]=4.54545e+08
[37/108] run=1/1 N=100000 P=128 HASH=mask PARTITION_TIME[s]=0.0002 THROUGHPUT[elems/s]=1e+09
[38/108] run=1/1 N=100000 P=128 HASH=xorshift PARTITION_TIME[s]=0.00028 THROUGHPUT[elems/s]=7.14286e+08
[39/108] run=1/1 N=100000 P=128 HASH=fmix32fold PARTITION_TIME[s]=0.00044 THROUGHPUT[elems/s]=4.54545e+08
[40/108] run=1/1 N=100000 P=256 HASH=mask PARTITION_TIME[s]=0.0002 THROUGHPUT[elems/s]=1e+09
[41/108] run=1/1 N=100000 P=256 HASH=xorshift PARTITION_TIME[s]=0.00028 THROUGHPUT[elems/s]=7.14286e+08
[42/108] run=1/1 N=100000 P=256 HASH=fmix32fold PARTITION_TIME[s]=0.00044 THROUGHPUT[elems/s]=4.54545e+08
[43/108] run=1/1 N=100000 P=512 HASH=mask PARTITION_TIME[s]=0.0002 THROUGHPUT[elems/s]=1e+09
[44/108] run=1/1 N=100000 P=512 HASH=xorshift PARTITION_TIME[s]=0.00028 THROUGHPUT[elems/s]=7.14286e+08
[45/108] run=1/1 N=100000 P=512 HASH=fmix32fold PARTITION_TIME[s]=0.00044 THROUGHPUT[elems/s]=4.54545e+08
[46/108] run=1/1 N=100000 P=1024 HASH=mask PARTITION_TIME[s]=0.00019 THROUGHPUT[elems/s]=1.05263e+09
[47/108] run=1/1 N=100000 P=1024 HASH=xorshift PARTITION_TIME[s]=0.00029 THROUGHPUT[elems/s]=6.89655e+08
[48/108] run=1/1 N=100000 P=1024 HASH=fmix32fold PARTITION_TIME[s]=0.00042 THROUGHPUT[elems/s]=4.7619e+08
[49/108] run=1/1 N=100000 P=2048 HASH=mask PARTITION_TIME[s]=0.0002 THROUGHPUT[elems/s]=1e+09
[50/108] run=1/1 N=100000 P=2048 HASH=xorshift PARTITION_TIME[s]=0.00028 THROUGHPUT[elems/s]=7.14286e+08
[51/108] run=1/1 N=100000 P=2048 HASH=fmix32fold PARTITION_TIME[s]=0.00044 THROUGHPUT[elems/s]=4.54545e+08
[52/108] run=1/1 N=100000 P=4096 HASH=mask PARTITION_TIME[s]=0.0002 THROUGHPUT[elems/s]=1e+09
[53/108] run=1/1 N=100000 P=4096 HASH=xorshift PARTITION_TIME[s]=0.00029 THROUGHPUT[elems/s]=6.89655e+08
[54/108] run=1/1 N=100000 P=4096 HASH=fmix32fold PARTITION_TIME[s]=0.00044 THROUGHPUT[elems/s]=4.54545e+08
[55/108] run=1/1 N=1000000 P=16 HASH=mask PARTITION_TIME[s]=0.00187 THROUGHPUT[elems/s]=1.06952e+09
[56/108] run=1/1 N=1000000 P=16 HASH=xorshift PARTITION_TIME[s]=0.00287 THROUGHPUT[elems/s]=6.96864e+08
[57/108] run=1/1 N=1000000 P=16 HASH=fmix32fold PARTITION_TIME[s]=0.00442 THROUGHPUT[elems/s]=4.52489e+08
[58/108] run=1/1 N=1000000 P=32 HASH=mask PARTITION_TIME[s]=0.00188 THROUGHPUT[elems/s]=1.06383e+09
[59/108] run=1/1 N=1000000 P=32 HASH=xorshift PARTITION_TIME[s]=0.00295 THROUGHPUT[elems/s]=6.77966e+08
[60/108] run=1/1 N=1000000 P=32 HASH=fmix32fold PARTITION_TIME[s]=0.0044 THROUGHPUT[elems/s]=4.54545e+08
[61/108] run=1/1 N=1000000 P=64 HASH=mask PARTITION_TIME[s]=0.00187 THROUGHPUT[elems/s]=1.06952e+09
[62/108] run=1/1 N=1000000 P=64 HASH=xorshift PARTITION_TIME[s]=0.00286 THROUGHPUT[elems/s]=6.99301e+08
[63/108] run=1/1 N=1000000 P=64 HASH=fmix32fold PARTITION_TIME[s]=0.00446 THROUGHPUT[elems/s]=4.4843e+08
[64/108] run=1/1 N=1000000 P=128 HASH=mask PARTITION_TIME[s]=0.00187 THROUGHPUT[elems/s]=1.06952e+09
[65/108] run=1/1 N=1000000 P=128 HASH=xorshift PARTITION_TIME[s]=0.00299 THROUGHPUT[elems/s]=6.68896e+08
[66/108] run=1/1 N=1000000 P=128 HASH=fmix32fold PARTITION_TIME[s]=0.0044 THROUGHPUT[elems/s]=4.54545e+08
[67/108] run=1/1 N=1000000 P=256 HASH=mask PARTITION_TIME[s]=0.00189 THROUGHPUT[elems/s]=1.0582e+09
[68/108] run=1/1 N=1000000 P=256 HASH=xorshift PARTITION_TIME[s]=0.00285 THROUGHPUT[elems/s]=7.01754e+08
[69/108] run=1/1 N=1000000 P=256 HASH=fmix32fold PARTITION_TIME[s]=0.00438 THROUGHPUT[elems/s]=4.56621e+08
[70/108] run=1/1 N=1000000 P=512 HASH=mask PARTITION_TIME[s]=0.00186 THROUGHPUT[elems/s]=1.07527e+09
[71/108] run=1/1 N=1000000 P=512 HASH=xorshift PARTITION_TIME[s]=0.00286 THROUGHPUT[elems/s]=6.99301e+08
[72/108] run=1/1 N=1000000 P=512 HASH=fmix32fold PARTITION_TIME[s]=0.00442 THROUGHPUT[elems/s]=4.52489e+08
[73/108] run=1/1 N=1000000 P=1024 HASH=mask PARTITION_TIME[s]=0.00186 THROUGHPUT[elems/s]=1.07527e+09
[74/108] run=1/1 N=1000000 P=1024 HASH=xorshift PARTITION_TIME[s]=0.00296 THROUGHPUT[elems/s]=6.75676e+08
[75/108] run=1/1 N=1000000 P=1024 HASH=fmix32fold PARTITION_TIME[s]=0.00437 THROUGHPUT[elems/s]=4.57666e+08
[76/108] run=1/1 N=1000000 P=2048 HASH=mask PARTITION_TIME[s]=0.00188 THROUGHPUT[elems/s]=1.06383e+09
[77/108] run=1/1 N=1000000 P=2048 HASH=xorshift PARTITION_TIME[s]=0.00292 THROUGHPUT[elems/s]=6.84932e+08
[78/108] run=1/1 N=1000000 P=2048 HASH=fmix32fold PARTITION_TIME[s]=0.00442 THROUGHPUT[elems/s]=4.52489e+08
[79/108] run=1/1 N=1000000 P=4096 HASH=mask PARTITION_TIME[s]=0.00187 THROUGHPUT[elems/s]=1.06952e+09
[80/108] run=1/1 N=1000000 P=4096 HASH=xorshift PARTITION_TIME[s]=0.00291 THROUGHPUT[elems/s]=6.87285e+08
[81/108] run=1/1 N=1000000 P=4096 HASH=fmix32fold PARTITION_TIME[s]=0.00442 THROUGHPUT[elems/s]=4.52489e+08
[82/108] run=1/1 N=10000000 P=16 HASH=mask PARTITION_TIME[s]=0.01828 THROUGHPUT[elems/s]=1.09409e+09
[83/108] run=1/1 N=10000000 P=16 HASH=xorshift PARTITION_TIME[s]=0.02918 THROUGHPUT[elems/s]=6.85401e+08
[84/108] run=1/1 N=10000000 P=16 HASH=fmix32fold PARTITION_TIME[s]=0.04402 THROUGHPUT[elems/s]=4.54339e+08
[85/108] run=1/1 N=10000000 P=32 HASH=mask PARTITION_TIME[s]=0.01832 THROUGHPUT[elems/s]=1.0917e+09
[86/108] run=1/1 N=10000000 P=32 HASH=xorshift PARTITION_TIME[s]=0.02942 THROUGHPUT[elems/s]=6.7981e+08
[87/108] run=1/1 N=10000000 P=32 HASH=fmix32fold PARTITION_TIME[s]=0.04393 THROUGHPUT[elems/s]=4.5527e+08
[88/108] run=1/1 N=10000000 P=64 HASH=mask PARTITION_TIME[s]=0.01829 THROUGHPUT[elems/s]=1.09349e+09
[89/108] run=1/1 N=10000000 P=64 HASH=xorshift PARTITION_TIME[s]=0.02912 THROUGHPUT[elems/s]=6.86813e+08
[90/108] run=1/1 N=10000000 P=64 HASH=fmix32fold PARTITION_TIME[s]=0.04401 THROUGHPUT[elems/s]=4.54442e+08
[91/108] run=1/1 N=10000000 P=128 HASH=mask PARTITION_TIME[s]=0.01835 THROUGHPUT[elems/s]=1.08992e+09
[92/108] run=1/1 N=10000000 P=128 HASH=xorshift PARTITION_TIME[s]=0.02921 THROUGHPUT[elems/s]=6.84697e+08
[93/108] run=1/1 N=10000000 P=128 HASH=fmix32fold PARTITION_TIME[s]=0.04359 THROUGHPUT[elems/s]=4.58821e+08
[94/108] run=1/1 N=10000000 P=256 HASH=mask PARTITION_TIME[s]=0.0183 THROUGHPUT[elems/s]=1.0929e+09
[95/108] run=1/1 N=10000000 P=256 HASH=xorshift PARTITION_TIME[s]=0.02937 THROUGHPUT[elems/s]=6.80967e+08
[96/108] run=1/1 N=10000000 P=256 HASH=fmix32fold PARTITION_TIME[s]=0.04395 THROUGHPUT[elems/s]=4.55063e+08
[97/108] run=1/1 N=10000000 P=512 HASH=mask PARTITION_TIME[s]=0.01832 THROUGHPUT[elems/s]=1.0917e+09
[98/108] run=1/1 N=10000000 P=512 HASH=xorshift PARTITION_TIME[s]=0.02925 THROUGHPUT[elems/s]=6.83761e+08
[99/108] run=1/1 N=10000000 P=512 HASH=fmix32fold PARTITION_TIME[s]=0.04403 THROUGHPUT[elems/s]=4.54236e+08
[100/108] run=1/1 N=10000000 P=1024 HASH=mask PARTITION_TIME[s]=0.01854 THROUGHPUT[elems/s]=1.07875e+09
[101/108] run=1/1 N=10000000 P=1024 HASH=xorshift PARTITION_TIME[s]=0.02916 THROUGHPUT[elems/s]=6.85871e+08
[102/108] run=1/1 N=10000000 P=1024 HASH=fmix32fold PARTITION_TIME[s]=0.04393 THROUGHPUT[elems/s]=4.5527e+08
[103/108] run=1/1 N=10000000 P=2048 HASH=mask PARTITION_TIME[s]=0.01847 THROUGHPUT[elems/s]=1.08284e+09
[104/108] run=1/1 N=10000000 P=2048 HASH=xorshift PARTITION_TIME[s]=0.0292 THROUGHPUT[elems/s]=6.84932e+08
[105/108] run=1/1 N=10000000 P=2048 HASH=fmix32fold PARTITION_TIME[s]=0.04418 THROUGHPUT[elems/s]=4.52694e+08
[106/108] run=1/1 N=10000000 P=4096 HASH=mask PARTITION_TIME[s]=0.01813 THROUGHPUT[elems/s]=1.10314e+09
[107/108] run=1/1 N=10000000 P=4096 HASH=xorshift PARTITION_TIME[s]=0.02913 THROUGHPUT[elems/s]=6.86577e+08
[108/108] run=1/1 N=10000000 P=4096 HASH=fmix32fold PARTITION_TIME[s]=0.04409 THROUGHPUT[elems/s]=4.53618e+08

All jobs submitted.
