[1/108] run=1/1 N=10000 P=16 HASH=mask PARTITION_TIME[s]=1.628e-05 THROUGHPUT[elems/s]=1.2285e+09
[2/108] run=1/1 N=10000 P=16 HASH=xorshift PARTITION_TIME[s]=2.396e-05 THROUGHPUT[elems/s]=8.34725e+08
[3/108] run=1/1 N=10000 P=16 HASH=fmix32fold PARTITION_TIME[s]=2.618e-05 THROUGHPUT[elems/s]=7.63942e+08
[4/108] run=1/1 N=10000 P=32 HASH=mask PARTITION_TIME[s]=1.834e-05 THROUGHPUT[elems/s]=1.09051e+09
[5/108] run=1/1 N=10000 P=32 HASH=xorshift PARTITION_TIME[s]=2.447e-05 THROUGHPUT[elems/s]=8.17327e+08
[6/108] run=1/1 N=10000 P=32 HASH=fmix32fold PARTITION_TIME[s]=2.694e-05 THROUGHPUT[elems/s]=7.4239e+08
[7/108] run=1/1 N=10000 P=64 HASH=mask PARTITION_TIME[s]=1.908e-05 THROUGHPUT[elems/s]=1.04822e+09
[8/108] run=1/1 N=10000 P=64 HASH=xorshift PARTITION_TIME[s]=2.398e-05 THROUGHPUT[elems/s]=8.34028e+08
[9/108] run=1/1 N=10000 P=64 HASH=fmix32fold PARTITION_TIME[s]=2.613e-05 THROUGHPUT[elems/s]=7.65404e+08
[10/108] run=1/1 N=10000 P=128 HASH=mask PARTITION_TIME[s]=1.914e-05 THROUGHPUT[elems/s]=1.04493e+09
[11/108] run=1/1 N=10000 P=128 HASH=xorshift PARTITION_TIME[s]=2.445e-05 THROUGHPUT[elems/s]=8.17996e+08
[12/108] run=1/1 N=10000 P=128 HASH=fmix32fold PARTITION_TIME[s]=2.674e-05 THROUGHPUT[elems/s]=7.47943e+08
[13/108] run=1/1 N=10000 P=256 HASH=mask PARTITION_TIME[s]=1.734e-05 THROUGHPUT[elems/s]=1.1534e+09
[14/108] run=1/1 N=10000 P=256 HASH=xorshift PARTITION_TIME[s]=2.456e-05 THROUGHPUT[elems/s]=8.14332e+08
[15/108] run=1/1 N=10000 P=256 HASH=fmix32fold PARTITION_TIME[s]=2.711e-05 THROUGHPUT[elems/s]=7.37735e+08
[16/108] run=1/1 N=10000 P=512 HASH=mask PARTITION_TIME[s]=1.678e-05 THROUGHPUT[elems/s]=1.1919e+09
[17/108] run=1/1 N=10000 P=512 HASH=xorshift PARTITION_TIME[s]=2.374e-05 THROUGHPUT[elems/s]=8.4246e+08
[18/108] run=1/1 N=10000 P=512 HASH=fmix32fold PARTITION_TIME[s]=2.596e-05 THROUGHPUT[elems/s]=7.70416e+08
[19/108] run=1/1 N=10000 P=1024 HASH=mask PARTITION_TIME[s]=3.65e-05 THROUGHPUT[elems/s]=5.47945e+08
[20/108] run=1/1 N=10000 P=1024 HASH=xorshift PARTITION_TIME[s]=2.369e-05 THROUGHPUT[elems/s]=8.44238e+08
[21/108] run=1/1 N=10000 P=1024 HASH=fmix32fold PARTITION_TIME[s]=2.58e-05 THROUGHPUT[elems/s]=7.75194e+08
[22/108] run=1/1 N=10000 P=2048 HASH=mask PARTITION_TIME[s]=1.677e-05 THROUGHPUT[elems/s]=1.19261e+09
[23/108] run=1/1 N=10000 P=2048 HASH=xorshift PARTITION_TIME[s]=2.469e-05 THROUGHPUT[elems/s]=8.10045e+08
[24/108] run=1/1 N=10000 P=2048 HASH=fmix32fold PARTITION_TIME[s]=2.779e-05 THROUGHPUT[elems/s]=7.19683e+08
[25/108] run=1/1 N=10000 P=4096 HASH=mask PARTITION_TIME[s]=1.807e-05 THROUGHPUT[elems/s]=1.10681e+09
[26/108] run=1/1 N=10000 P=4096 HASH=xorshift PARTITION_TIME[s]=2.335e-05 THROUGHPUT[elems/s]=8.56531e+08
[27/108] run=1/1 N=10000 P=4096 HASH=fmix32fold PARTITION_TIME[s]=2.599e-05 THROUGHPUT[elems/s]=7.69527e+08
[28/108] run=1/1 N=100000 P=16 HASH=mask PARTITION_TIME[s]=0.00017833 THROUGHPUT[elems/s]=1.12152e+09
[29/108] run=1/1 N=100000 P=16 HASH=xorshift PARTITION_TIME[s]=0.00022709 THROUGHPUT[elems/s]=8.80708e+08
[30/108] run=1/1 N=100000 P=16 HASH=fmix32fold PARTITION_TIME[s]=0.00025087 THROUGHPUT[elems/s]=7.97226e+08
[31/108] run=1/1 N=100000 P=32 HASH=mask PARTITION_TIME[s]=0.00017302 THROUGHPUT[elems/s]=1.15594e+09
[32/108] run=1/1 N=100000 P=32 HASH=xorshift PARTITION_TIME[s]=0.00022815 THROUGHPUT[elems/s]=8.76616e+08
[33/108] run=1/1 N=100000 P=32 HASH=fmix32fold PARTITION_TIME[s]=0.00025114 THROUGHPUT[elems/s]=7.96369e+08
[34/108] run=1/1 N=100000 P=64 HASH=mask PARTITION_TIME[s]=0.0001763 THROUGHPUT[elems/s]=1.13443e+09
[35/108] run=1/1 N=100000 P=64 HASH=xorshift PARTITION_TIME[s]=0.00022181 THROUGHPUT[elems/s]=9.01673e+08
[36/108] run=1/1 N=100000 P=64 HASH=fmix32fold PARTITION_TIME[s]=0.00025115 THROUGHPUT[elems/s]=7.96337e+08
[37/108] run=1/1 N=100000 P=128 HASH=mask PARTITION_TIME[s]=0.00017698 THROUGHPUT[elems/s]=1.13007e+09
[38/108] run=1/1 N=100000 P=128 HASH=xorshift PARTITION_TIME[s]=0.00022734 THROUGHPUT[elems/s]=8.7974e+08
[39/108] run=1/1 N=100000 P=128 HASH=fmix32fold PARTITION_TIME[s]=0.00025118 THROUGHPUT[elems/s]=7.96242e+08
[40/108] run=1/1 N=100000 P=256 HASH=mask PARTITION_TIME[s]=0.00017495 THROUGHPUT[elems/s]=1.14318e+09
[41/108] run=1/1 N=100000 P=256 HASH=xorshift PARTITION_TIME[s]=0.00022208 THROUGHPUT[elems/s]=9.00576e+08
[42/108] run=1/1 N=100000 P=256 HASH=fmix32fold PARTITION_TIME[s]=0.00025322 THROUGHPUT[elems/s]=7.89827e+08
[43/108] run=1/1 N=100000 P=512 HASH=mask PARTITION_TIME[s]=0.00017495 THROUGHPUT[elems/s]=1.14318e+09
[44/108] run=1/1 N=100000 P=512 HASH=xorshift PARTITION_TIME[s]=0.00022554 THROUGHPUT[elems/s]=8.86761e+08
[45/108] run=1/1 N=100000 P=512 HASH=fmix32fold PARTITION_TIME[s]=0.00025151 THROUGHPUT[elems/s]=7.95197e+08
[46/108] run=1/1 N=100000 P=1024 HASH=mask PARTITION_TIME[s]=0.00018058 THROUGHPUT[elems/s]=1.10754e+09
[47/108] run=1/1 N=100000 P=1024 HASH=xorshift PARTITION_TIME[s]=0.00022138 THROUGHPUT[elems/s]=9.03424e+08
[48/108] run=1/1 N=100000 P=1024 HASH=fmix32fold PARTITION_TIME[s]=0.00024984 THROUGHPUT[elems/s]=8.00512e+08
[49/108] run=1/1 N=100000 P=2048 HASH=mask PARTITION_TIME[s]=0.00017857 THROUGHPUT[elems/s]=1.12001e+09
[50/108] run=1/1 N=100000 P=2048 HASH=xorshift PARTITION_TIME[s]=0.0002243 THROUGHPUT[elems/s]=8.91663e+08
[51/108] run=1/1 N=100000 P=2048 HASH=fmix32fold PARTITION_TIME[s]=0.00025216 THROUGHPUT[elems/s]=7.93147e+08
[52/108] run=1/1 N=100000 P=4096 HASH=mask PARTITION_TIME[s]=0.00017976 THROUGHPUT[elems/s]=1.11259e+09
[53/108] run=1/1 N=100000 P=4096 HASH=xorshift PARTITION_TIME[s]=0.00022688 THROUGHPUT[elems/s]=8.81523e+08
[54/108] run=1/1 N=100000 P=4096 HASH=fmix32fold PARTITION_TIME[s]=0.00025184 THROUGHPUT[elems/s]=7.94155e+08
[55/108] run=1/1 N=1000000 P=16 HASH=mask PARTITION_TIME[s]=0.00172065 THROUGHPUT[elems/s]=1.16235e+09
[56/108] run=1/1 N=1000000 P=16 HASH=xorshift PARTITION_TIME[s]=0.00224575 THROUGHPUT[elems/s]=8.90571e+08
[57/108] run=1/1 N=1000000 P=16 HASH=fmix32fold PARTITION_TIME[s]=0.00250709 THROUGHPUT[elems/s]=7.97738e+08
[58/108] run=1/1 N=1000000 P=32 HASH=mask PARTITION_TIME[s]=0.00173665 THROUGHPUT[elems/s]=1.15164e+09
[59/108] run=1/1 N=1000000 P=32 HASH=xorshift PARTITION_TIME[s]=0.00222749 THROUGHPUT[elems/s]=8.97872e+08
[60/108] run=1/1 N=1000000 P=32 HASH=fmix32fold PARTITION_TIME[s]=0.00249287 THROUGHPUT[elems/s]=8.02288e+08
[61/108] run=1/1 N=1000000 P=64 HASH=mask PARTITION_TIME[s]=0.00169502 THROUGHPUT[elems/s]=1.17993e+09
[62/108] run=1/1 N=1000000 P=64 HASH=xorshift PARTITION_TIME[s]=0.00223251 THROUGHPUT[elems/s]=8.95853e+08
[63/108] run=1/1 N=1000000 P=64 HASH=fmix32fold PARTITION_TIME[s]=0.00249334 THROUGHPUT[elems/s]=8.02137e+08
[64/108] run=1/1 N=1000000 P=128 HASH=mask PARTITION_TIME[s]=0.00172864 THROUGHPUT[elems/s]=1.15698e+09
[65/108] run=1/1 N=1000000 P=128 HASH=xorshift PARTITION_TIME[s]=0.00223674 THROUGHPUT[elems/s]=8.94158e+08
[66/108] run=1/1 N=1000000 P=128 HASH=fmix32fold PARTITION_TIME[s]=0.00251746 THROUGHPUT[elems/s]=7.94452e+08
[67/108] run=1/1 N=1000000 P=256 HASH=mask PARTITION_TIME[s]=0.00168439 THROUGHPUT[elems/s]=1.18737e+09
[68/108] run=1/1 N=1000000 P=256 HASH=xorshift PARTITION_TIME[s]=0.00221315 THROUGHPUT[elems/s]=9.03689e+08
[69/108] run=1/1 N=1000000 P=256 HASH=fmix32fold PARTITION_TIME[s]=0.00248558 THROUGHPUT[elems/s]=8.04641e+08
[70/108] run=1/1 N=1000000 P=512 HASH=mask PARTITION_TIME[s]=0.0016932 THROUGHPUT[elems/s]=1.1812e+09
[71/108] run=1/1 N=1000000 P=512 HASH=xorshift PARTITION_TIME[s]=0.00222489 THROUGHPUT[elems/s]=8.98921e+08
[72/108] run=1/1 N=1000000 P=512 HASH=fmix32fold PARTITION_TIME[s]=0.00249181 THROUGHPUT[elems/s]=8.02629e+08
[73/108] run=1/1 N=1000000 P=1024 HASH=mask PARTITION_TIME[s]=0.00173922 THROUGHPUT[elems/s]=1.14994e+09
[74/108] run=1/1 N=1000000 P=1024 HASH=xorshift PARTITION_TIME[s]=0.00224385 THROUGHPUT[elems/s]=8.91325e+08
[75/108] run=1/1 N=1000000 P=1024 HASH=fmix32fold PARTITION_TIME[s]=0.0025277 THROUGHPUT[elems/s]=7.91233e+08
[76/108] run=1/1 N=1000000 P=2048 HASH=mask PARTITION_TIME[s]=0.0017126 THROUGHPUT[elems/s]=1.16782e+09
[77/108] run=1/1 N=1000000 P=2048 HASH=xorshift PARTITION_TIME[s]=0.00225343 THROUGHPUT[elems/s]=8.87536e+08
[78/108] run=1/1 N=1000000 P=2048 HASH=fmix32fold PARTITION_TIME[s]=0.0025133 THROUGHPUT[elems/s]=7.95767e+08
[79/108] run=1/1 N=1000000 P=4096 HASH=mask PARTITION_TIME[s]=0.00170603 THROUGHPUT[elems/s]=1.17231e+09
[80/108] run=1/1 N=1000000 P=4096 HASH=xorshift PARTITION_TIME[s]=0.00224134 THROUGHPUT[elems/s]=8.92323e+08
[81/108] run=1/1 N=1000000 P=4096 HASH=fmix32fold PARTITION_TIME[s]=0.0024963 THROUGHPUT[elems/s]=8.01186e+08
[82/108] run=1/1 N=10000000 P=16 HASH=mask PARTITION_TIME[s]=0.0165175 THROUGHPUT[elems/s]=1.21083e+09
[83/108] run=1/1 N=10000000 P=16 HASH=xorshift PARTITION_TIME[s]=0.0222308 THROUGHPUT[elems/s]=8.99654e+08
[84/108] run=1/1 N=10000000 P=16 HASH=fmix32fold PARTITION_TIME[s]=0.0252187 THROUGHPUT[elems/s]=7.93061e+08
[85/108] run=1/1 N=10000000 P=32 HASH=mask PARTITION_TIME[s]=0.0167286 THROUGHPUT[elems/s]=1.19556e+09
[86/108] run=1/1 N=10000000 P=32 HASH=xorshift PARTITION_TIME[s]=0.0223471 THROUGHPUT[elems/s]=8.94972e+08
[87/108] run=1/1 N=10000000 P=32 HASH=fmix32fold PARTITION_TIME[s]=0.0252009 THROUGHPUT[elems/s]=7.93624e+08
[88/108] run=1/1 N=10000000 P=64 HASH=mask PARTITION_TIME[s]=0.0166052 THROUGHPUT[elems/s]=1.20444e+09
[89/108] run=1/1 N=10000000 P=64 HASH=xorshift PARTITION_TIME[s]=0.0223547 THROUGHPUT[elems/s]=8.94666e+08
[90/108] run=1/1 N=10000000 P=64 HASH=fmix32fold PARTITION_TIME[s]=0.0251174 THROUGHPUT[elems/s]=7.96262e+08
[91/108] run=1/1 N=10000000 P=128 HASH=mask PARTITION_TIME[s]=0.0165693 THROUGHPUT[elems/s]=1.20705e+09
[92/108] run=1/1 N=10000000 P=128 HASH=xorshift PARTITION_TIME[s]=0.0222561 THROUGHPUT[elems/s]=8.98631e+08
[93/108] run=1/1 N=10000000 P=128 HASH=fmix32fold PARTITION_TIME[s]=0.0251194 THROUGHPUT[elems/s]=7.96197e+08
[94/108] run=1/1 N=10000000 P=256 HASH=mask PARTITION_TIME[s]=0.0165585 THROUGHPUT[elems/s]=1.20784e+09
[95/108] run=1/1 N=10000000 P=256 HASH=xorshift PARTITION_TIME[s]=0.0223344 THROUGHPUT[elems/s]=8.95478e+08
[96/108] run=1/1 N=10000000 P=256 HASH=fmix32fold PARTITION_TIME[s]=0.0251262 THROUGHPUT[elems/s]=7.95981e+08
[97/108] run=1/1 N=10000000 P=512 HASH=mask PARTITION_TIME[s]=0.0166488 THROUGHPUT[elems/s]=1.20129e+09
[98/108] run=1/1 N=10000000 P=512 HASH=xorshift PARTITION_TIME[s]=0.0223476 THROUGHPUT[elems/s]=8.94949e+08
[99/108] run=1/1 N=10000000 P=512 HASH=fmix32fold PARTITION_TIME[s]=0.0250677 THROUGHPUT[elems/s]=7.97841e+08
[100/108] run=1/1 N=10000000 P=1024 HASH=mask PARTITION_TIME[s]=0.016654 THROUGHPUT[elems/s]=1.20091e+09
[101/108] run=1/1 N=10000000 P=1024 HASH=xorshift PARTITION_TIME[s]=0.0223492 THROUGHPUT[elems/s]=8.94888e+08
[102/108] run=1/1 N=10000000 P=1024 HASH=fmix32fold PARTITION_TIME[s]=0.0251719 THROUGHPUT[elems/s]=7.94537e+08
[103/108] run=1/1 N=10000000 P=2048 HASH=mask PARTITION_TIME[s]=0.0166421 THROUGHPUT[elems/s]=1.20177e+09
[104/108] run=1/1 N=10000000 P=2048 HASH=xorshift PARTITION_TIME[s]=0.0223835 THROUGHPUT[elems/s]=8.93515e+08
[105/108] run=1/1 N=10000000 P=2048 HASH=fmix32fold PARTITION_TIME[s]=0.0251265 THROUGHPUT[elems/s]=7.95974e+08
[106/108] run=1/1 N=10000000 P=4096 HASH=mask PARTITION_TIME[s]=0.0165338 THROUGHPUT[elems/s]=1.20964e+09
[107/108] run=1/1 N=10000000 P=4096 HASH=xorshift PARTITION_TIME[s]=0.0222445 THROUGHPUT[elems/s]=8.99098e+08
[108/108] run=1/1 N=10000000 P=4096 HASH=fmix32fold PARTITION_TIME[s]=0.0252634 THROUGHPUT[elems/s]=7.91658e+08

All jobs submitted.
