[1/120] run=1/10 N=10000 P=512 HASH=mask PARTITION_TIME[s]=2.392e-05 THROUGHPUT[elems/s]=8.3612e+08
[2/120] run=1/10 N=10000 P=512 HASH=xorshift PARTITION_TIME[s]=2.917e-05 THROUGHPUT[elems/s]=6.85636e+08
[3/120] run=1/10 N=10000 P=512 HASH=fmix32fold PARTITION_TIME[s]=4.382e-05 THROUGHPUT[elems/s]=4.56413e+08
[4/120] run=1/10 N=100000 P=512 HASH=mask PARTITION_TIME[s]=0.00019228 THROUGHPUT[elems/s]=1.04015e+09
[5/120] run=1/10 N=100000 P=512 HASH=xorshift PARTITION_TIME[s]=0.00027914 THROUGHPUT[elems/s]=7.16486e+08
[6/120] run=1/10 N=100000 P=512 HASH=fmix32fold PARTITION_TIME[s]=0.00042992 THROUGHPUT[elems/s]=4.65203e+08
[7/120] run=1/10 N=1000000 P=512 HASH=mask PARTITION_TIME[s]=0.00185461 THROUGHPUT[elems/s]=1.07839e+09
[8/120] run=1/10 N=1000000 P=512 HASH=xorshift PARTITION_TIME[s]=0.00292584 THROUGHPUT[elems/s]=6.83564e+08
[9/120] run=1/10 N=1000000 P=512 HASH=fmix32fold PARTITION_TIME[s]=0.00441097 THROUGHPUT[elems/s]=4.53415e+08
[10/120] run=1/10 N=10000000 P=512 HASH=mask PARTITION_TIME[s]=0.0184245 THROUGHPUT[elems/s]=1.08551e+09
[11/120] run=1/10 N=10000000 P=512 HASH=xorshift PARTITION_TIME[s]=0.0294288 THROUGHPUT[elems/s]=6.79606e+08
[12/120] run=1/10 N=10000000 P=512 HASH=fmix32fold PARTITION_TIME[s]=0.0438754 THROUGHPUT[elems/s]=4.55837e+08
[13/120] run=2/10 N=10000 P=512 HASH=mask PARTITION_TIME[s]=2.002e-05 THROUGHPUT[elems/s]=9.99001e+08
[14/120] run=2/10 N=10000 P=512 HASH=xorshift PARTITION_TIME[s]=2.914e-05 THROUGHPUT[elems/s]=6.86342e+08
[15/120] run=2/10 N=10000 P=512 HASH=fmix32fold PARTITION_TIME[s]=4.338e-05 THROUGHPUT[elems/s]=4.61042e+08
[16/120] run=2/10 N=100000 P=512 HASH=mask PARTITION_TIME[s]=0.00019931 THROUGHPUT[elems/s]=1.00346e+09
[17/120] run=2/10 N=100000 P=512 HASH=xorshift PARTITION_TIME[s]=0.00029062 THROUGHPUT[elems/s]=6.88184e+08
[18/120] run=2/10 N=100000 P=512 HASH=fmix32fold PARTITION_TIME[s]=0.00043957 THROUGHPUT[elems/s]=4.5499e+08
[19/120] run=2/10 N=1000000 P=512 HASH=mask PARTITION_TIME[s]=0.0018474 THROUGHPUT[elems/s]=1.0826e+09
[20/120] run=2/10 N=1000000 P=512 HASH=xorshift PARTITION_TIME[s]=0.00290964 THROUGHPUT[elems/s]=6.8737e+08
[21/120] run=2/10 N=1000000 P=512 HASH=fmix32fold PARTITION_TIME[s]=0.00441782 THROUGHPUT[elems/s]=4.52712e+08
[22/120] run=2/10 N=10000000 P=512 HASH=mask PARTITION_TIME[s]=0.0185132 THROUGHPUT[elems/s]=1.08031e+09
[23/120] run=2/10 N=10000000 P=512 HASH=xorshift PARTITION_TIME[s]=0.0292472 THROUGHPUT[elems/s]=6.83825e+08
[24/120] run=2/10 N=10000000 P=512 HASH=fmix32fold PARTITION_TIME[s]=0.0437966 THROUGHPUT[elems/s]=4.56656e+08
[25/120] run=3/10 N=10000 P=512 HASH=mask PARTITION_TIME[s]=2.085e-05 THROUGHPUT[elems/s]=9.59233e+08
[26/120] run=3/10 N=10000 P=512 HASH=xorshift PARTITION_TIME[s]=2.889e-05 THROUGHPUT[elems/s]=6.92281e+08
[27/120] run=3/10 N=10000 P=512 HASH=fmix32fold PARTITION_TIME[s]=4.35e-05 THROUGHPUT[elems/s]=4.5977e+08
[28/120] run=3/10 N=100000 P=512 HASH=mask PARTITION_TIME[s]=0.00019624 THROUGHPUT[elems/s]=1.01916e+09
[29/120] run=3/10 N=100000 P=512 HASH=xorshift PARTITION_TIME[s]=0.00028358 THROUGHPUT[elems/s]=7.05268e+08
[30/120] run=3/10 N=100000 P=512 HASH=fmix32fold PARTITION_TIME[s]=0.00043324 THROUGHPUT[elems/s]=4.61638e+08
[31/120] run=3/10 N=1000000 P=512 HASH=mask PARTITION_TIME[s]=0.00188755 THROUGHPUT[elems/s]=1.05957e+09
[32/120] run=3/10 N=1000000 P=512 HASH=xorshift PARTITION_TIME[s]=0.00285654 THROUGHPUT[elems/s]=7.00148e+08
[33/120] run=3/10 N=1000000 P=512 HASH=fmix32fold PARTITION_TIME[s]=0.0043877 THROUGHPUT[elems/s]=4.5582e+08
[34/120] run=3/10 N=10000000 P=512 HASH=mask PARTITION_TIME[s]=0.0184299 THROUGHPUT[elems/s]=1.08519e+09
[35/120] run=3/10 N=10000000 P=512 HASH=xorshift PARTITION_TIME[s]=0.0285964 THROUGHPUT[elems/s]=6.99389e+08
[36/120] run=3/10 N=10000000 P=512 HASH=fmix32fold PARTITION_TIME[s]=0.0442921 THROUGHPUT[elems/s]=4.51547e+08
[37/120] run=4/10 N=10000 P=512 HASH=mask PARTITION_TIME[s]=2.185e-05 THROUGHPUT[elems/s]=9.15332e+08
[38/120] run=4/10 N=10000 P=512 HASH=xorshift PARTITION_TIME[s]=3.026e-05 THROUGHPUT[elems/s]=6.60939e+08
[39/120] run=4/10 N=10000 P=512 HASH=fmix32fold PARTITION_TIME[s]=4.388e-05 THROUGHPUT[elems/s]=4.55789e+08
[40/120] run=4/10 N=100000 P=512 HASH=mask PARTITION_TIME[s]=0.00019162 THROUGHPUT[elems/s]=1.04373e+09
[41/120] run=4/10 N=100000 P=512 HASH=xorshift PARTITION_TIME[s]=0.00030139 THROUGHPUT[elems/s]=6.63592e+08
[42/120] run=4/10 N=100000 P=512 HASH=fmix32fold PARTITION_TIME[s]=0.00043075 THROUGHPUT[elems/s]=4.64306e+08
[43/120] run=4/10 N=1000000 P=512 HASH=mask PARTITION_TIME[s]=0.00194061 THROUGHPUT[elems/s]=1.0306e+09
[44/120] run=4/10 N=1000000 P=512 HASH=xorshift PARTITION_TIME[s]=0.00291755 THROUGHPUT[elems/s]=6.85507e+08
[45/120] run=4/10 N=1000000 P=512 HASH=fmix32fold PARTITION_TIME[s]=0.00438245 THROUGHPUT[elems/s]=4.56366e+08
[46/120] run=4/10 N=10000000 P=512 HASH=mask PARTITION_TIME[s]=0.0181293 THROUGHPUT[elems/s]=1.10319e+09
[47/120] run=4/10 N=10000000 P=512 HASH=xorshift PARTITION_TIME[s]=0.0292631 THROUGHPUT[elems/s]=6.83455e+08
[48/120] run=4/10 N=10000000 P=512 HASH=fmix32fold PARTITION_TIME[s]=0.0440055 THROUGHPUT[elems/s]=4.54488e+08
[49/120] run=5/10 N=10000 P=512 HASH=mask PARTITION_TIME[s]=2.192e-05 THROUGHPUT[elems/s]=9.12409e+08
[50/120] run=5/10 N=10000 P=512 HASH=xorshift PARTITION_TIME[s]=2.897e-05 THROUGHPUT[elems/s]=6.90369e+08
[51/120] run=5/10 N=10000 P=512 HASH=fmix32fold PARTITION_TIME[s]=4.38e-05 THROUGHPUT[elems/s]=4.56621e+08
[52/120] run=5/10 N=100000 P=512 HASH=mask PARTITION_TIME[s]=0.0001985 THROUGHPUT[elems/s]=1.00756e+09
[53/120] run=5/10 N=100000 P=512 HASH=xorshift PARTITION_TIME[s]=0.00028254 THROUGHPUT[elems/s]=7.07864e+08
[54/120] run=5/10 N=100000 P=512 HASH=fmix32fold PARTITION_TIME[s]=0.00043251 THROUGHPUT[elems/s]=4.62417e+08
[55/120] run=5/10 N=1000000 P=512 HASH=mask PARTITION_TIME[s]=0.00187667 THROUGHPUT[elems/s]=1.06572e+09
[56/120] run=5/10 N=1000000 P=512 HASH=xorshift PARTITION_TIME[s]=0.0029024 THROUGHPUT[elems/s]=6.89085e+08
[57/120] run=5/10 N=1000000 P=512 HASH=fmix32fold PARTITION_TIME[s]=0.00440396 THROUGHPUT[elems/s]=4.54137e+08
[58/120] run=5/10 N=10000000 P=512 HASH=mask PARTITION_TIME[s]=0.0185053 THROUGHPUT[elems/s]=1.08077e+09
[59/120] run=5/10 N=10000000 P=512 HASH=xorshift PARTITION_TIME[s]=0.0293876 THROUGHPUT[elems/s]=6.8056e+08
[60/120] run=5/10 N=10000000 P=512 HASH=fmix32fold PARTITION_TIME[s]=0.0442191 THROUGHPUT[elems/s]=4.52293e+08
[61/120] run=6/10 N=10000 P=512 HASH=mask PARTITION_TIME[s]=2.022e-05 THROUGHPUT[elems/s]=9.8912e+08
[62/120] run=6/10 N=10000 P=512 HASH=xorshift PARTITION_TIME[s]=2.856e-05 THROUGHPUT[elems/s]=7.0028e+08
[63/120] run=6/10 N=10000 P=512 HASH=fmix32fold PARTITION_TIME[s]=4.353e-05 THROUGHPUT[elems/s]=4.59453e+08
[64/120] run=6/10 N=100000 P=512 HASH=mask PARTITION_TIME[s]=0.00021699 THROUGHPUT[elems/s]=9.21701e+08
[65/120] run=6/10 N=100000 P=512 HASH=xorshift PARTITION_TIME[s]=0.00029045 THROUGHPUT[elems/s]=6.88587e+08
[66/120] run=6/10 N=100000 P=512 HASH=fmix32fold PARTITION_TIME[s]=0.00043037 THROUGHPUT[elems/s]=4.64716e+08
[67/120] run=6/10 N=1000000 P=512 HASH=mask PARTITION_TIME[s]=0.00195419 THROUGHPUT[elems/s]=1.02344e+09
[68/120] run=6/10 N=1000000 P=512 HASH=xorshift PARTITION_TIME[s]=0.00289165 THROUGHPUT[elems/s]=6.91647e+08
[69/120] run=6/10 N=1000000 P=512 HASH=fmix32fold PARTITION_TIME[s]=0.00439669 THROUGHPUT[elems/s]=4.54888e+08
[70/120] run=6/10 N=10000000 P=512 HASH=mask PARTITION_TIME[s]=0.0183528 THROUGHPUT[elems/s]=1.08975e+09
[71/120] run=6/10 N=10000000 P=512 HASH=xorshift PARTITION_TIME[s]=0.0294548 THROUGHPUT[elems/s]=6.79007e+08
[72/120] run=6/10 N=10000000 P=512 HASH=fmix32fold PARTITION_TIME[s]=0.0439604 THROUGHPUT[elems/s]=4.54955e+08
[73/120] run=7/10 N=10000 P=512 HASH=mask PARTITION_TIME[s]=2.097e-05 THROUGHPUT[elems/s]=9.53743e+08
[74/120] run=7/10 N=10000 P=512 HASH=xorshift PARTITION_TIME[s]=2.832e-05 THROUGHPUT[elems/s]=7.06215e+08
[75/120] run=7/10 N=10000 P=512 HASH=fmix32fold PARTITION_TIME[s]=4.415e-05 THROUGHPUT[elems/s]=4.53001e+08
[76/120] run=7/10 N=100000 P=512 HASH=mask PARTITION_TIME[s]=0.00019553 THROUGHPUT[elems/s]=1.02286e+09
[77/120] run=7/10 N=100000 P=512 HASH=xorshift PARTITION_TIME[s]=0.00028948 THROUGHPUT[elems/s]=6.90894e+08
[78/120] run=7/10 N=100000 P=512 HASH=fmix32fold PARTITION_TIME[s]=0.00043684 THROUGHPUT[elems/s]=4.57834e+08
[79/120] run=7/10 N=1000000 P=512 HASH=mask PARTITION_TIME[s]=0.00184776 THROUGHPUT[elems/s]=1.08239e+09
[80/120] run=7/10 N=1000000 P=512 HASH=xorshift PARTITION_TIME[s]=0.00289386 THROUGHPUT[elems/s]=6.91118e+08
[81/120] run=7/10 N=1000000 P=512 HASH=fmix32fold PARTITION_TIME[s]=0.00439468 THROUGHPUT[elems/s]=4.55096e+08
[82/120] run=7/10 N=10000000 P=512 HASH=mask PARTITION_TIME[s]=0.0182956 THROUGHPUT[elems/s]=1.09316e+09
[83/120] run=7/10 N=10000000 P=512 HASH=xorshift PARTITION_TIME[s]=0.0286461 THROUGHPUT[elems/s]=6.98174e+08
[84/120] run=7/10 N=10000000 P=512 HASH=fmix32fold PARTITION_TIME[s]=0.0437258 THROUGHPUT[elems/s]=4.57396e+08
[85/120] run=8/10 N=10000 P=512 HASH=mask PARTITION_TIME[s]=2.024e-05 THROUGHPUT[elems/s]=9.88142e+08
[86/120] run=8/10 N=10000 P=512 HASH=xorshift PARTITION_TIME[s]=2.931e-05 THROUGHPUT[elems/s]=6.82361e+08
[87/120] run=8/10 N=10000 P=512 HASH=fmix32fold PARTITION_TIME[s]=4.502e-05 THROUGHPUT[elems/s]=4.44247e+08
[88/120] run=8/10 N=100000 P=512 HASH=mask PARTITION_TIME[s]=0.00019275 THROUGHPUT[elems/s]=1.03761e+09
[89/120] run=8/10 N=100000 P=512 HASH=xorshift PARTITION_TIME[s]=0.00028862 THROUGHPUT[elems/s]=6.92953e+08
[90/120] run=8/10 N=100000 P=512 HASH=fmix32fold PARTITION_TIME[s]=0.00043354 THROUGHPUT[elems/s]=4.61318e+08
[91/120] run=8/10 N=1000000 P=512 HASH=mask PARTITION_TIME[s]=0.00191548 THROUGHPUT[elems/s]=1.04412e+09
[92/120] run=8/10 N=1000000 P=512 HASH=xorshift PARTITION_TIME[s]=0.00295033 THROUGHPUT[elems/s]=6.7789e+08
[93/120] run=8/10 N=1000000 P=512 HASH=fmix32fold PARTITION_TIME[s]=0.00440226 THROUGHPUT[elems/s]=4.54312e+08
[94/120] run=8/10 N=10000000 P=512 HASH=mask PARTITION_TIME[s]=0.0183238 THROUGHPUT[elems/s]=1.09148e+09
[95/120] run=8/10 N=10000000 P=512 HASH=xorshift PARTITION_TIME[s]=0.0293701 THROUGHPUT[elems/s]=6.80964e+08
[96/120] run=8/10 N=10000000 P=512 HASH=fmix32fold PARTITION_TIME[s]=0.0439295 THROUGHPUT[elems/s]=4.55275e+08
[97/120] run=9/10 N=10000 P=512 HASH=mask PARTITION_TIME[s]=1.988e-05 THROUGHPUT[elems/s]=1.00604e+09
[98/120] run=9/10 N=10000 P=512 HASH=xorshift PARTITION_TIME[s]=2.816e-05 THROUGHPUT[elems/s]=7.10227e+08
[99/120] run=9/10 N=10000 P=512 HASH=fmix32fold PARTITION_TIME[s]=4.367e-05 THROUGHPUT[elems/s]=4.5798e+08
[100/120] run=9/10 N=100000 P=512 HASH=mask PARTITION_TIME[s]=0.00020717 THROUGHPUT[elems/s]=9.65391e+08
[101/120] run=9/10 N=100000 P=512 HASH=xorshift PARTITION_TIME[s]=0.00027845 THROUGHPUT[elems/s]=7.18262e+08
[102/120] run=9/10 N=100000 P=512 HASH=fmix32fold PARTITION_TIME[s]=0.00043333 THROUGHPUT[elems/s]=4.61542e+08
[103/120] run=9/10 N=1000000 P=512 HASH=mask PARTITION_TIME[s]=0.0019271 THROUGHPUT[elems/s]=1.03783e+09
[104/120] run=9/10 N=1000000 P=512 HASH=xorshift PARTITION_TIME[s]=0.00296125 THROUGHPUT[elems/s]=6.7539e+08
[105/120] run=9/10 N=1000000 P=512 HASH=fmix32fold PARTITION_TIME[s]=0.00440412 THROUGHPUT[elems/s]=4.5412e+08
[106/120] run=9/10 N=10000000 P=512 HASH=mask PARTITION_TIME[s]=0.0183057 THROUGHPUT[elems/s]=1.09255e+09
[107/120] run=9/10 N=10000000 P=512 HASH=xorshift PARTITION_TIME[s]=0.0292685 THROUGHPUT[elems/s]=6.83328e+08
[108/120] run=9/10 N=10000000 P=512 HASH=fmix32fold PARTITION_TIME[s]=0.044026 THROUGHPUT[elems/s]=4.54277e+08
[109/120] run=10/10 N=10000 P=512 HASH=mask PARTITION_TIME[s]=2.124e-05 THROUGHPUT[elems/s]=9.4162e+08
[110/120] run=10/10 N=10000 P=512 HASH=xorshift PARTITION_TIME[s]=2.861e-05 THROUGHPUT[elems/s]=6.99056e+08
[111/120] run=10/10 N=10000 P=512 HASH=fmix32fold PARTITION_TIME[s]=4.348e-05 THROUGHPUT[elems/s]=4.59982e+08
[112/120] run=10/10 N=100000 P=512 HASH=mask PARTITION_TIME[s]=0.00019797 THROUGHPUT[elems/s]=1.01025e+09
[113/120] run=10/10 N=100000 P=512 HASH=xorshift PARTITION_TIME[s]=0.00028233 THROUGHPUT[elems/s]=7.08391e+08
[114/120] run=10/10 N=100000 P=512 HASH=fmix32fold PARTITION_TIME[s]=0.0004309 THROUGHPUT[elems/s]=4.64145e+08
[115/120] run=10/10 N=1000000 P=512 HASH=mask PARTITION_TIME[s]=0.00186237 THROUGHPUT[elems/s]=1.0739e+09
[116/120] run=10/10 N=1000000 P=512 HASH=xorshift PARTITION_TIME[s]=0.00288866 THROUGHPUT[elems/s]=6.92363e+08
[117/120] run=10/10 N=1000000 P=512 HASH=fmix32fold PARTITION_TIME[s]=0.00442218 THROUGHPUT[elems/s]=4.52266e+08
[118/120] run=10/10 N=10000000 P=512 HASH=mask PARTITION_TIME[s]=0.0184929 THROUGHPUT[elems/s]=1.0815e+09
[119/120] run=10/10 N=10000000 P=512 HASH=xorshift PARTITION_TIME[s]=0.0287972 THROUGHPUT[elems/s]=6.94512e+08
[120/120] run=10/10 N=10000000 P=512 HASH=fmix32fold PARTITION_TIME[s]=0.0436517 THROUGHPUT[elems/s]=4.58173e+08

All jobs submitted.
