[1/108] run=1/1 N=10000 P=16 HASH=mask PARTITION_TIME[s]=2e-05 THROUGHPUT[elems/s]=1e+09
[2/108] run=1/1 N=10000 P=16 HASH=xorshift PARTITION_TIME[s]=2e-05 THROUGHPUT[elems/s]=1e+09
[3/108] run=1/1 N=10000 P=16 HASH=fmix32fold PARTITION_TIME[s]=2e-05 THROUGHPUT[elems/s]=1e+09
[4/108] run=1/1 N=10000 P=32 HASH=mask PARTITION_TIME[s]=2e-05 THROUGHPUT[elems/s]=1e+09
[5/108] run=1/1 N=10000 P=32 HASH=xorshift PARTITION_TIME[s]=2e-05 THROUGHPUT[elems/s]=1e+09
[6/108] run=1/1 N=10000 P=32 HASH=fmix32fold PARTITION_TIME[s]=2e-05 THROUGHPUT[elems/s]=1e+09
[7/108] run=1/1 N=10000 P=64 HASH=mask PARTITION_TIME[s]=2e-05 THROUGHPUT[elems/s]=1e+09
[8/108] run=1/1 N=10000 P=64 HASH=xorshift PARTITION_TIME[s]=2e-05 THROUGHPUT[elems/s]=1e+09
[9/108] run=1/1 N=10000 P=64 HASH=fmix32fold PARTITION_TIME[s]=2e-05 THROUGHPUT[elems/s]=1e+09
[10/108] run=1/1 N=10000 P=128 HASH=mask PARTITION_TIME[s]=2e-05 THROUGHPUT[elems/s]=1e+09
[11/108] run=1/1 N=10000 P=128 HASH=xorshift PARTITION_TIME[s]=2e-05 THROUGHPUT[elems/s]=1e+09
[12/108] run=1/1 N=10000 P=128 HASH=fmix32fold PARTITION_TIME[s]=2e-05 THROUGHPUT[elems/s]=1e+09
[13/108] run=1/1 N=10000 P=256 HASH=mask PARTITION_TIME[s]=2e-05 THROUGHPUT[elems/s]=1e+09
[14/108] run=1/1 N=10000 P=256 HASH=xorshift PARTITION_TIME[s]=2e-05 THROUGHPUT[elems/s]=1e+09
[15/108] run=1/1 N=10000 P=256 HASH=fmix32fold PARTITION_TIME[s]=2e-05 THROUGHPUT[elems/s]=1e+09
[16/108] run=1/1 N=10000 P=512 HASH=mask PARTITION_TIME[s]=2e-05 THROUGHPUT[elems/s]=1e+09
[17/108] run=1/1 N=10000 P=512 HASH=xorshift PARTITION_TIME[s]=2e-05 THROUGHPUT[elems/s]=1e+09
[18/108] run=1/1 N=10000 P=512 HASH=fmix32fold PARTITION_TIME[s]=2e-05 THROUGHPUT[elems/s]=1e+09
[19/108] run=1/1 N=10000 P=1024 HASH=mask PARTITION_TIME[s]=2e-05 THROUGHPUT[elems/s]=1e+09
[20/108] run=1/1 N=10000 P=1024 HASH=xorshift PARTITION_TIME[s]=2e-05 THROUGHPUT[elems/s]=1e+09
[21/108] run=1/1 N=10000 P=1024 HASH=fmix32fold PARTITION_TIME[s]=2e-05 THROUGHPUT[elems/s]=1e+09
[22/108] run=1/1 N=10000 P=2048 HASH=mask PARTITION_TIME[s]=2e-05 THROUGHPUT[elems/s]=1e+09
[23/108] run=1/1 N=10000 P=2048 HASH=xorshift PARTITION_TIME[s]=2e-05 THROUGHPUT[elems/s]=1e+09
[24/108] run=1/1 N=10000 P=2048 HASH=fmix32fold PARTITION_TIME[s]=2e-05 THROUGHPUT[elems/s]=1e+09
[25/108] run=1/1 N=10000 P=4096 HASH=mask PARTITION_TIME[s]=2e-05 THROUGHPUT[elems/s]=1e+09
[26/108] run=1/1 N=10000 P=4096 HASH=xorshift PARTITION_TIME[s]=2e-05 THROUGHPUT[elems/s]=1e+09
[27/108] run=1/1 N=10000 P=4096 HASH=fmix32fold PARTITION_TIME[s]=2e-05 THROUGHPUT[elems/s]=1e+09
[28/108] run=1/1 N=100000 P=16 HASH=mask PARTITION_TIME[s]=0.00018 THROUGHPUT[elems/s]=1.11111e+09
[29/108] run=1/1 N=100000 P=16 HASH=xorshift PARTITION_TIME[s]=0.00022 THROUGHPUT[elems/s]=9.09091e+08
[30/108] run=1/1 N=100000 P=16 HASH=fmix32fold PARTITION_TIME[s]=0.00026 THROUGHPUT[elems/s]=7.69231e+08
[31/108] run=1/1 N=100000 P=32 HASH=mask PARTITION_TIME[s]=0.00018 THROUGHPUT[elems/s]=1.11111e+09
[32/108] run=1/1 N=100000 P=32 HASH=xorshift PARTITION_TIME[s]=0.00022 THROUGHPUT[elems/s]=9.09091e+08
[33/108] run=1/1 N=100000 P=32 HASH=fmix32fold PARTITION_TIME[s]=0.00026 THROUGHPUT[elems/s]=7.69231e+08
[34/108] run=1/1 N=100000 P=64 HASH=mask PARTITION_TIME[s]=0.00017 THROUGHPUT[elems/s]=1.17647e+09
[35/108] run=1/1 N=100000 P=64 HASH=xorshift PARTITION_TIME[s]=0.00022 THROUGHPUT[elems/s]=9.09091e+08
[36/108] run=1/1 N=100000 P=64 HASH=fmix32fold PARTITION_TIME[s]=0.00026 THROUGHPUT[elems/s]=7.69231e+08
[37/108] run=1/1 N=100000 P=128 HASH=mask PARTITION_TIME[s]=0.0002 THROUGHPUT[elems/s]=1e+09
[38/108] run=1/1 N=100000 P=128 HASH=xorshift PARTITION_TIME[s]=0.00023 THROUGHPUT[elems/s]=8.69565e+08
[39/108] run=1/1 N=100000 P=128 HASH=fmix32fold PARTITION_TIME[s]=0.00026 THROUGHPUT[elems/s]=7.69231e+08
[40/108] run=1/1 N=100000 P=256 HASH=mask PARTITION_TIME[s]=0.00018 THROUGHPUT[elems/s]=1.11111e+09
[41/108] run=1/1 N=100000 P=256 HASH=xorshift PARTITION_TIME[s]=0.00022 THROUGHPUT[elems/s]=9.09091e+08
[42/108] run=1/1 N=100000 P=256 HASH=fmix32fold PARTITION_TIME[s]=0.00026 THROUGHPUT[elems/s]=7.69231e+08
[43/108] run=1/1 N=100000 P=512 HASH=mask PARTITION_TIME[s]=0.0002 THROUGHPUT[elems/s]=1e+09
[44/108] run=1/1 N=100000 P=512 HASH=xorshift PARTITION_TIME[s]=0.00023 THROUGHPUT[elems/s]=8.69565e+08
[45/108] run=1/1 N=100000 P=512 HASH=fmix32fold PARTITION_TIME[s]=0.00026 THROUGHPUT[elems/s]=7.69231e+08
[46/108] run=1/1 N=100000 P=1024 HASH=mask PARTITION_TIME[s]=0.0002 THROUGHPUT[elems/s]=1e+09
[47/108] run=1/1 N=100000 P=1024 HASH=xorshift PARTITION_TIME[s]=0.00022 THROUGHPUT[elems/s]=9.09091e+08
[48/108] run=1/1 N=100000 P=1024 HASH=fmix32fold PARTITION_TIME[s]=0.00025 THROUGHPUT[elems/s]=8e+08
[49/108] run=1/1 N=100000 P=2048 HASH=mask PARTITION_TIME[s]=0.00018 THROUGHPUT[elems/s]=1.11111e+09
[50/108] run=1/1 N=100000 P=2048 HASH=xorshift PARTITION_TIME[s]=0.00023 THROUGHPUT[elems/s]=8.69565e+08
[51/108] run=1/1 N=100000 P=2048 HASH=fmix32fold PARTITION_TIME[s]=0.00027 THROUGHPUT[elems/s]=7.40741e+08
[52/108] run=1/1 N=100000 P=4096 HASH=mask PARTITION_TIME[s]=0.00018 THROUGHPUT[elems/s]=1.11111e+09
[53/108] run=1/1 N=100000 P=4096 HASH=xorshift PARTITION_TIME[s]=0.00022 THROUGHPUT[elems/s]=9.09091e+08
[54/108] run=1/1 N=100000 P=4096 HASH=fmix32fold PARTITION_TIME[s]=0.00026 THROUGHPUT[elems/s]=7.69231e+08
[55/108] run=1/1 N=1000000 P=16 HASH=mask PARTITION_TIME[s]=0.00167 THROUGHPUT[elems/s]=1.1976e+09
[56/108] run=1/1 N=1000000 P=16 HASH=xorshift PARTITION_TIME[s]=0.00222 THROUGHPUT[elems/s]=9.00901e+08
[57/108] run=1/1 N=1000000 P=16 HASH=fmix32fold PARTITION_TIME[s]=0.00249 THROUGHPUT[elems/s]=8.03213e+08
[58/108] run=1/1 N=1000000 P=32 HASH=mask PARTITION_TIME[s]=0.00169 THROUGHPUT[elems/s]=1.18343e+09
[59/108] run=1/1 N=1000000 P=32 HASH=xorshift PARTITION_TIME[s]=0.00221 THROUGHPUT[elems/s]=9.04977e+08
[60/108] run=1/1 N=1000000 P=32 HASH=fmix32fold PARTITION_TIME[s]=0.00249 THROUGHPUT[elems/s]=8.03213e+08
[61/108] run=1/1 N=1000000 P=64 HASH=mask PARTITION_TIME[s]=0.00171 THROUGHPUT[elems/s]=1.16959e+09
[62/108] run=1/1 N=1000000 P=64 HASH=xorshift PARTITION_TIME[s]=0.00222 THROUGHPUT[elems/s]=9.00901e+08
[63/108] run=1/1 N=1000000 P=64 HASH=fmix32fold PARTITION_TIME[s]=0.00249 THROUGHPUT[elems/s]=8.03213e+08
[64/108] run=1/1 N=1000000 P=128 HASH=mask PARTITION_TIME[s]=0.00172 THROUGHPUT[elems/s]=1.16279e+09
[65/108] run=1/1 N=1000000 P=128 HASH=xorshift PARTITION_TIME[s]=0.00224 THROUGHPUT[elems/s]=8.92857e+08
[66/108] run=1/1 N=1000000 P=128 HASH=fmix32fold PARTITION_TIME[s]=0.00252 THROUGHPUT[elems/s]=7.93651e+08
[67/108] run=1/1 N=1000000 P=256 HASH=mask PARTITION_TIME[s]=0.00171 THROUGHPUT[elems/s]=1.16959e+09
[68/108] run=1/1 N=1000000 P=256 HASH=xorshift PARTITION_TIME[s]=0.00228 THROUGHPUT[elems/s]=8.77193e+08
[69/108] run=1/1 N=1000000 P=256 HASH=fmix32fold PARTITION_TIME[s]=0.00251 THROUGHPUT[elems/s]=7.96813e+08
[70/108] run=1/1 N=1000000 P=512 HASH=mask PARTITION_TIME[s]=0.00169 THROUGHPUT[elems/s]=1.18343e+09
[71/108] run=1/1 N=1000000 P=512 HASH=xorshift PARTITION_TIME[s]=0.00224 THROUGHPUT[elems/s]=8.92857e+08
[72/108] run=1/1 N=1000000 P=512 HASH=fmix32fold PARTITION_TIME[s]=0.00252 THROUGHPUT[elems/s]=7.93651e+08
[73/108] run=1/1 N=1000000 P=1024 HASH=mask PARTITION_TIME[s]=0.00169 THROUGHPUT[elems/s]=1.18343e+09
[74/108] run=1/1 N=1000000 P=1024 HASH=xorshift PARTITION_TIME[s]=0.00226 THROUGHPUT[elems/s]=8.84956e+08
[75/108] run=1/1 N=1000000 P=1024 HASH=fmix32fold PARTITION_TIME[s]=0.00252 THROUGHPUT[elems/s]=7.93651e+08
[76/108] run=1/1 N=1000000 P=2048 HASH=mask PARTITION_TIME[s]=0.00173 THROUGHPUT[elems/s]=1.15607e+09
[77/108] run=1/1 N=1000000 P=2048 HASH=xorshift PARTITION_TIME[s]=0.00224 THROUGHPUT[elems/s]=8.92857e+08
[78/108] run=1/1 N=1000000 P=2048 HASH=fmix32fold PARTITION_TIME[s]=0.0025 THROUGHPUT[elems/s]=8e+08
[79/108] run=1/1 N=1000000 P=4096 HASH=mask PARTITION_TIME[s]=0.00173 THROUGHPUT[elems/s]=1.15607e+09
[80/108] run=1/1 N=1000000 P=4096 HASH=xorshift PARTITION_TIME[s]=0.00227 THROUGHPUT[elems/s]=8.81057e+08
[81/108] run=1/1 N=1000000 P=4096 HASH=fmix32fold PARTITION_TIME[s]=0.00251 THROUGHPUT[elems/s]=7.96813e+08
[82/108] run=1/1 N=10000000 P=16 HASH=mask PARTITION_TIME[s]=0.01657 THROUGHPUT[elems/s]=1.207e+09
[83/108] run=1/1 N=10000000 P=16 HASH=xorshift PARTITION_TIME[s]=0.02231 THROUGHPUT[elems/s]=8.96459e+08
[84/108] run=1/1 N=10000000 P=16 HASH=fmix32fold PARTITION_TIME[s]=0.02512 THROUGHPUT[elems/s]=7.96178e+08
[85/108] run=1/1 N=10000000 P=32 HASH=mask PARTITION_TIME[s]=0.01647 THROUGHPUT[elems/s]=1.21433e+09
[86/108] run=1/1 N=10000000 P=32 HASH=xorshift PARTITION_TIME[s]=0.02228 THROUGHPUT[elems/s]=8.97666e+08
[87/108] run=1/1 N=10000000 P=32 HASH=fmix32fold PARTITION_TIME[s]=0.02517 THROUGHPUT[elems/s]=7.94597e+08
[88/108] run=1/1 N=10000000 P=64 HASH=mask PARTITION_TIME[s]=0.01651 THROUGHPUT[elems/s]=1.21139e+09
[89/108] run=1/1 N=10000000 P=64 HASH=xorshift PARTITION_TIME[s]=0.02218 THROUGHPUT[elems/s]=9.01713e+08
[90/108] run=1/1 N=10000000 P=64 HASH=fmix32fold PARTITION_TIME[s]=0.02511 THROUGHPUT[elems/s]=7.96495e+08
[91/108] run=1/1 N=10000000 P=128 HASH=mask PARTITION_TIME[s]=0.01658 THROUGHPUT[elems/s]=1.20627e+09
[92/108] run=1/1 N=10000000 P=128 HASH=xorshift PARTITION_TIME[s]=0.02232 THROUGHPUT[elems/s]=8.96057e+08
[93/108] run=1/1 N=10000000 P=128 HASH=fmix32fold PARTITION_TIME[s]=0.02509 THROUGHPUT[elems/s]=7.9713e+08
[94/108] run=1/1 N=10000000 P=256 HASH=mask PARTITION_TIME[s]=0.0165 THROUGHPUT[elems/s]=1.21212e+09
[95/108] run=1/1 N=10000000 P=256 HASH=xorshift PARTITION_TIME[s]=0.02229 THROUGHPUT[elems/s]=8.97263e+08
[96/108] run=1/1 N=10000000 P=256 HASH=fmix32fold PARTITION_TIME[s]=0.02514 THROUGHPUT[elems/s]=7.95545e+08
[97/108] run=1/1 N=10000000 P=512 HASH=mask PARTITION_TIME[s]=0.0165 THROUGHPUT[elems/s]=1.21212e+09
[98/108] run=1/1 N=10000000 P=512 HASH=xorshift PARTITION_TIME[s]=0.0222 THROUGHPUT[elems/s]=9.00901e+08
[99/108] run=1/1 N=10000000 P=512 HASH=fmix32fold PARTITION_TIME[s]=0.02511 THROUGHPUT[elems/s]=7.96495e+08
[100/108] run=1/1 N=10000000 P=1024 HASH=mask PARTITION_TIME[s]=0.01642 THROUGHPUT[elems/s]=1.21803e+09
[101/108] run=1/1 N=10000000 P=1024 HASH=xorshift PARTITION_TIME[s]=0.02235 THROUGHPUT[elems/s]=8.94855e+08
[102/108] run=1/1 N=10000000 P=1024 HASH=fmix32fold PARTITION_TIME[s]=0.02513 THROUGHPUT[elems/s]=7.95862e+08
[103/108] run=1/1 N=10000000 P=2048 HASH=mask PARTITION_TIME[s]=0.01657 THROUGHPUT[elems/s]=1.207e+09
[104/108] run=1/1 N=10000000 P=2048 HASH=xorshift PARTITION_TIME[s]=0.02234 THROUGHPUT[elems/s]=8.95255e+08
[105/108] run=1/1 N=10000000 P=2048 HASH=fmix32fold PARTITION_TIME[s]=0.0251 THROUGHPUT[elems/s]=7.96813e+08
[106/108] run=1/1 N=10000000 P=4096 HASH=mask PARTITION_TIME[s]=0.01658 THROUGHPUT[elems/s]=1.20627e+09
[107/108] run=1/1 N=10000000 P=4096 HASH=xorshift PARTITION_TIME[s]=0.02229 THROUGHPUT[elems/s]=8.97263e+08
[108/108] run=1/1 N=10000000 P=4096 HASH=fmix32fold PARTITION_TIME[s]=0.02509 THROUGHPUT[elems/s]=7.9713e+08

All jobs submitted.
