rm -fr *.o *~
rm -fr generate_datasets plain_novec plain_vec  results/gcc_vec_report.txt results/gcc_vec_report.txt results/checksum.txt results/throughput.txt results/timing.txt
g++ -std=c++17 -I. -I./include -Wall -O3 -march=native -o generate_datasets generate_datasets.cpp lib/dataset.cpp lib/timing.cpp lib/checksum.cpp lib/metrics.cpp lib/partition.cpp lib/config.cpp 
g++ -std=c++17 -I. -I./include -Wall -O3 -march=native -fno-tree-vectorize -o plain_novec plain.cpp lib/dataset.cpp lib/timing.cpp lib/checksum.cpp lib/metrics.cpp lib/partition.cpp lib/config.cpp 
g++ -std=c++17 -I. -I./include -Wall -O3 -march=native -fopt-info-vec-optimized -fopt-info-vec-missed -o plain_vec plain.cpp lib/dataset.cpp lib/timing.cpp lib/checksum.cpp lib/metrics.cpp lib/partition.cpp lib/config.cpp  2> results/gcc_vec_report.txt

---------------------------------
./generate_datasets
Execution ended correctly after:
	0.13422 s
---------------------------------
./plain_novec
[time] computing partitions:
	0.00574 s
[time] global:
	0.11711 s
---------------------------------
./plain_vec
[time] computing partitions:
	0.00522 s
[time] global:
	0.11697 s
---------------------------------

